0:100  0:100  MemLog inited, TSC freq: 2592805420
0:100  0:000  CPU was calibrated with RTC
0:100  0:000  CloverX64 : Image base = 0x43CF3000
0:100  0:000  Clover ImageHandle = 4a668b98
0:100  0:000  SelfDirPath = \EFI\CLOVER
0:101  0:000  === [ Starting Clover ] =========================
0:101  0:000  Now is 27.08.2022,  05:22:32 (GMT)
0:101  0:000  Starting Clover revision: 5149 (master, commit 806c09e3f) on INSYDE Corp. EFI
0:101  0:000  Build id: 20220818195924-806c09e-5149
0:101  0:000  Build with: [Args: -D NO_GRUB_DRIVERS_EMBEDDED -D LESS_DEBUG -t GCC53 | --cmd-len=50000 -D NO_GRUB_DRIVERS_EMBEDDED -D LESS_DEBUG --conf=/Users/sergey/src/CloverBootloader/Conf -D USE_LOW_EBDA -a X64 -b RELEASE -t GCC53 -n 5 | OS: 10.14.6]
0:101  0:000  === [ Get Smbios ] ==============================
0:101  0:000  Type 16 Index = 0
0:101  0:000  Total Memory Slots Count = 2
0:101  0:000  Type 17 Index = 0
0:101  0:000  SmbiosTable.Type17->SlotIndex = 0
0:101  0:000  SmbiosTable.Type17->ModuleSize = 32768MB
0:101  0:000  SmbiosTable.Type17->Type = 0
0:101  0:000  SmbiosTable.Type17->Frequency = 2667MHz
0:101  0:000  SmbiosTable.Type17->Bank/Device = BANK 0 ChannelA-DIMM0
0:101  0:000  SmbiosTable.Type17->Vendor = Samsung
0:101  0:000  SmbiosTable.Type17->SerialNo = CC6986A4
0:101  0:000  SmbiosTable.Type17->PartNo = M471A4G43MB1-CTD
0:101  0:000  Type 17 Index = 1
0:101  0:000  SmbiosTable.Type17->SlotIndex = 1
0:101  0:000  SmbiosTable.Type17->ModuleSize = 32768MB
0:101  0:000  SmbiosTable.Type17->Type = 0
0:101  0:000  SmbiosTable.Type17->Frequency = 2667MHz
0:101  0:000  SmbiosTable.Type17->Bank/Device = BANK 2 ChannelB-DIMM0
0:101  0:000  SmbiosTable.Type17->Vendor = Samsung
0:101  0:000  SmbiosTable.Type17->SerialNo = CD6986A4
0:101  0:000  SmbiosTable.Type17->PartNo = M471A4G43MB1-CTD
0:101  0:000  Boot status=0
0:101  0:000  Running on: 'PB50_70RF,RD,RC' with board 'PB50_70RF,RD,RC '
0:101  0:000  === [ GetCPUProperties ] ========================
0:101  0:000  CPU Vendor = 756E6547 Model=906EA
0:101  0:000   The CPU supported SSE4.1
0:101  0:000   The CPU supported RDRAND
0:101  0:000  BrandString = Intel(R) Core(TM) i7-9750H CPU @ 2.60GHz
0:101  0:000   The CPU supported turbo
0:101  0:000   Energy PerfBias is  visible:
0:101  0:000  MSR 0x35               6000C
0:101  0:000   TSC/CCC Information Leaf:
0:101  0:000    numerator     : 216
0:101  0:000    denominator   : 2
0:101  0:000   Calibrated ARTFrequency: 24007457
0:101  0:000   Rounded ARTFrequency: 24000000
0:101  0:000  MSR 0xE2 before patch 1C008007
0:101  0:000  MSR 0xE2 is locked, PM patches will be turned on
0:101  0:000  MSR 0xCE              0008083B_F1011A00
0:101  0:000  corrected FLEX_RATIO = 0
0:101  0:000  MSR 0x1B0             00000000
0:101  0:000  FSBFrequency = 31 MHz, DMI FSBFrequency = 100 MHz, Corrected FSBFrequency = 100 MHz
0:101  0:000  MaxDiv/MinDiv: 26.0/8
0:101  0:000  Turbo: 42/43/44/45
0:101  0:000  Features: 0x77FAFBBFBFEBFBFF
0:101  0:000  Threads: 12
0:101  0:000  Cores: 6
0:101  0:000  FSB: 100 MHz
0:101  0:000  CPU: 792 MHz
0:101  0:000  TSC: 792 MHz
0:101  0:000  PIS: 100 MHz
0:101  0:000  ExternalClock: 25 MHz
0:101  0:000  === [ GetDevices ] ==============================
0:101  0:000  Found more than one GOP protocol ??? Using the first one
0:101  0:000  GOP found at: 
0:101  0:000  PCI (00|00:00.00) : 8086 3EC4 class=060000
0:101  0:000  PCI (00|00:01.00) : 8086 1901 class=060400
0:101  0:000  PCI (00|01:00.00) : 10DE 2191 class=030000
0:101  0:000   - GFX: Model=Unknown family 168 (Turing)
0:101  0:000  PCI (00|01:00.01) : 10DE 1AEB class=040300
0:101  0:000   - HDMI Audio: 
0:101  0:000  PCI (00|01:00.02) : 10DE 1AEC class=0C0330
0:101  0:000  PCI (00|01:00.03) : 10DE 1AED class=0C8000
0:101  0:000  PCI (00|00:02.00) : 8086 3E9B class=030000
0:101  0:000   - GFX: Model=Intel UHD Graphics 630 (Intel)
0:101  0:000  PCI (00|00:12.00) : 8086 A379 class=118000
0:101  0:000  PCI (00|00:14.00) : 8086 A36D class=0C0330
0:101  0:000  PCI (00|00:14.02) : 8086 A36F class=050000
0:101  0:000  PCI (00|00:14.03) : 8086 A370 class=028000
0:101  0:000   - WIFI: Vendor= Intel
0:101  0:000  PCI (00|00:15.00) : 8086 A368 class=0C8000
0:101  0:000  PCI (00|00:15.01) : 8086 A369 class=0C8000
0:101  0:000  PCI (00|00:16.00) : 8086 A360 class=078000
0:101  0:000  PCI (00|00:17.00) : 8086 A353 class=010601
0:101  0:000  PCI (00|00:1B.00) : 8086 A340 class=060400
0:101  0:000  PCI (00|00:1B.04) : 8086 A32C class=060400
0:101  0:000  PCI (00|70:00.00) : 126F 2262 class=010802
0:101  0:000  PCI (00|00:1D.00) : 8086 A330 class=060400
0:101  0:000  PCI (00|71:00.00) : 126F 2262 class=010802
0:101  0:000  PCI (00|00:1D.05) : 8086 A335 class=060400
0:101  0:000  PCI (00|72:00.00) : 10EC 8168 class=020000
0:101  0:000   - LAN: 1 Vendor=Realtek
0:101  0:000  Legacy MAC address of LAN #0= 80:FA:5B:73:F1:85:
0:101  0:000  PCI (00|00:1D.06) : 8086 A336 class=060400
0:101  0:000  PCI (00|73:00.00) : 10EC 525A class=FF0000
0:101  0:000  PCI (00|00:1F.00) : 8086 A30D class=060100
0:101  0:000  PCI (00|00:1F.03) : 8086 A348 class=040300
0:101  0:000  PCI (00|00:1F.04) : 8086 A323 class=0C0500
0:101  0:000  PCI (00|00:1F.05) : 8086 A324 class=0C8000
0:102  0:000  _checkOEMPath Look for oem dir at path '\EFI\CLOVER\OEM\PB50_70RF,RD,RC--80-FA-5B-73-F1-85'. Dir doesn't exist.
0:102  0:000  _checkOEMPath Look for oem dir at path '\EFI\CLOVER\OEM\PB50_70RF,RD,RC \UEFI'. Dir doesn't exist.
0:102  0:000  _checkOEMPath Look for oem dir at path '\EFI\CLOVER\OEM\PB50_70RF,RD,RC'. Dir doesn't exist.
0:102  0:000  _checkOEMPath Look for oem dir at path '\EFI\CLOVER\OEM\PB50_70RF,RD,RC-792'. Dir doesn't exist.
0:102  0:000  _checkOEMPath Look for oem dir at path '\EFI\CLOVER\OEM\PB50_70RF,RD,RC '. Dir doesn't exist.
0:102  0:000  _checkOEMPath Look for oem dir at path '\EFI\CLOVER\OEM\PB50_70RF,RD,RC -792'. Dir doesn't exist.
0:102  0:000  === [ GetUserSettings ] =========================
0:102  0:000  GetDefaultModel()=MacBookPro15,1
0:103  0:000  Using config.plist at path: \EFI\CLOVER
0:104  0:001  There are problems in plist '\EFI\CLOVER\config.plist'
0:104  0:000  Warning: Unknown key '/Quirks/AppleCpuPmCfgLock:491'. Skipped.
0:104  0:000  Warning: Unknown key '/Quirks/AppleXcpmCfgLock:493'. Skipped.
0:104  0:000  Use CloverConfigPlistValidator or look in the log
3:104  3:000  Cannot find smbios.plist at path '\EFI\CLOVER' : Not Found
3:104  0:000  '\EFI\CLOVER\smbios.plist' not loaded. Efi error Not Found
3:105  0:000  Using latest BiosVersion from config instead of default 'MBP151.88Z.F000.B00.2107050205'
3:105  0:000  Using latest BiosReleaseDate from config instead of default '07/05/2021'
3:105  0:000  Using latest EfiVersion from config instead of default '715.0.57.0.0'
3:105  0:000  BiosVersion: MBP151.88Z.F000.B00.1912090131
3:105  0:000  BiosReleaseDate: 12/09/2019
3:105  0:000  EfiVersion: 1037.80.21.0.0
3:105  0:000  Calibrated TSC Frequency = 2592805420 = 2592MHz
3:105  0:000  === [ GetListOfThemes ] =========================
3:105  0:000  - [00]: gawin
3:106  0:001  === [ Found config plists ] =====================
3:106  0:000  - config2.plist
3:106  0:000  - config-sample.plist
3:106  0:000  - config.plist
3:106  0:000  === [ LoadDrivers ] =============================
3:106  0:000  Loading ApfsDriverLoader.efi status=Success
3:108  0:001   - driver needs connecting
3:108  0:000  Loading FSInject.efi status=Success
3:109  0:001  Loading NTFS.efi status=Success
3:110  0:001   - driver needs connecting
3:110  0:000  Loading HFSPlus.efi status=Success
3:112  0:002   - driver needs connecting
3:112  0:000  Loading AudioDxe.efi status=Success
3:113  0:001   - driver needs connecting
3:113  0:000  Loading OpenCanopy.efi status=Success
3:115  0:001  4 drivers needs connecting ...
3:115  0:000  PlatformDriverOverrideProtocol->GetDriver overriden
3:115  0:000  HFS+ driver loaded
3:115  0:000  APFS driver loaded
3:115  0:000  Searching for invalid DiskIo BY_DRIVER connects: not found, all ok
9:477  6:361  === [ InitScreen ] ==============================
9:477  0:000  Console modes reported: 8, available modes:
9:477  0:000   - [01]: 80x25
9:477  0:000   - [02]: 80x50
9:477  0:000   - [03]: 480x113 (current mode)
9:477  0:000   - [04]: 100x31
9:477  0:000   - [05]: 128x40
9:477  0:000   - [06]: 160x53
9:477  0:000   - [07]: 200x63
9:477  0:000   - [08]: 240x75
9:477  0:000  SetScreenResolution: 3840×2160SetMaxResolution: found best mode 0: 3840x2160
9:477  0:000   - already set
9:477  0:000  SetScreenResolution: 3840x2160 - already set
9:478  0:000  === [ ScanSPD ] =================================
9:478  0:000  Scanning SMBus [8086:A323], mmio: 0x4B20A004, ioport: 0x5040, hostc: 0x11
9:496  0:017  Not using XMP because it is not present
9:496  0:000  Slot: 0 Type 26 32768MB 2666MHz Vendor=Samsung PartNo=M471A4G43MB1-CTD SerialNo=CC6986A4
9:514  0:018  Not using XMP because it is not present
9:514  0:000  Slot: 2 Type 26 32768MB 2666MHz Vendor=Samsung PartNo=M471A4G43MB1-CTD SerialNo=CD6986A4
9:515  0:000  === [ GetAcpiTablesList ] =======================
9:515  0:000  Get Acpi Tables List from RSDT:
9:515  0:000   - [00]: FACP  H2O BIOS len=268
9:515  0:000   - [01]: UEFI  H2O BIOS len=566
9:515  0:000   - [02]: SSDT  CpuSsdt len=6940
9:515  0:000   - [03]: SSDT  SaSsdt  len=13746
9:515  0:000   - [04]: SSDT  PegSsdt len=6273
9:515  0:000   - [05]: UEFI  CFL len=66
9:515  0:000   - [06]: MSDM  H2O BIOS len=85
9:515  0:000   - [07]: LPIT  CFL len=148
9:515  0:000   - [08]: WSMT  CFL len=40
9:515  0:000   - [09]: SSDT  PtidDevc len=5738
9:515  0:000   - [10]: DBGP   len=52
9:515  0:000   - [11]: DBG2   len=97
9:515  0:000   - [12]: SSDT  PerfTune len=1092
9:515  0:000   - [13]: ASF!  H2O BIOS len=165
9:515  0:000   - [14]: HPET  H2O BIOS len=56
9:515  0:000   - [15]: APIC  H2O BIOS len=300
9:515  0:000   - [16]: MCFG  H2O BIOS len=60
9:515  0:000   - [17]: SSDT  NvdTable len=13957
9:515  0:000   - [18]: FPDT  CFL len=68
9:515  0:000   - [19]: BGRT  H2O BIOS len=56
9:515  0:000   - [00]: Drop table : DMAR,                0 :  no
9:515  0:000   - [01]: Drop table : SSDT,       6d50757043 :  no
9:515  0:000   - [02]: Drop table : SSDT,   74734930757043 :  no
9:515  0:000   - [03]: Drop table : BGRT,                0 :  yes
9:515  0:000  Custom boot CUSTOM_BOOT_USER_DISABLED (0x0)
9:515  0:000  Default theme: gawin
9:516  0:000  === [ Found DSDT tables ] =======================
9:516  0:000  === [ InitKextList ] ============================
9:577  0:060  === [ ScanVolumes ] =============================
9:577  0:000  Found 21 volumes with blockIO
9:577  0:000  - [00]: Volume: PciRoot(0x0)\Pci(0x17,0x0)\Sata(0x0,0x0,0x0)
9:578  0:001  - [01]: Volume: PciRoot(0x0)\Pci(0x17,0x0)\Sata(0x0,0x0,0x0)\HD(1,GPT,20B111BE-EA3C-4539-92C9-73F04AE6FDAE,0xD0000,0x40000)
9:580  0:002  - [02]: Volume: PciRoot(0x0)\Pci(0x17,0x0)\Sata(0x0,0x0,0x0)\HD(2,GPT,D4053572-0B54-4963-8203-2F67F28B8E84,0x110000,0xE8CF8000)
9:583  0:002          Result of bootcode detection: bootable Windows (vista,win)
9:661  0:078            label : NTFS
9:661  0:000  - [03]: Volume: PciRoot(0x0)\Pci(0x1B,0x4)\Pci(0x0,0x0)\NVMe(0x1,00-00-00-00-00-00-00-00)
9:661  0:000  - [04]: Volume: PciRoot(0x0)\Pci(0x1B,0x4)\Pci(0x0,0x0)\NVMe(0x1,00-00-00-00-00-00-00-00)\HD(1,GPT,13EECA84-942B-4E7D-BB1B-F19703A80377,0x28,0x64000)
9:662  0:000          Result of bootcode detection: bootable unknown (legacy)
9:662  0:000            label : EFI
9:662  0:000  - [05]: Volume: PciRoot(0x0)\Pci(0x1B,0x4)\Pci(0x0,0x0)\NVMe(0x1,00-00-00-00-00-00-00-00)\HD(2,GPT,8FF8AD79-B7B6-48AA-A11C-82FDE474A928,0x64028,0xEE711260)
9:662  0:000          Result of bootcode detection: bootable unknown (legacy)
9:662  0:000  - [06]: Volume: PciRoot(0x0)\Pci(0x1D,0x0)\Pci(0x0,0x0)\NVMe(0x1,00-00-00-00-00-00-00-00)
9:662  0:000  - [07]: Volume: PciRoot(0x0)\Pci(0x1D,0x0)\Pci(0x0,0x0)\NVMe(0x1,00-00-00-00-00-00-00-00)\HD(1,GPT,46F7D98C-B01C-48F8-99F1-352930A21010,0x800,0x72800)
9:663  0:000          Result of bootcode detection: bootable Windows (vista,win)
9:664  0:001            label : NTFS
9:664  0:000  - [08]: Volume: PciRoot(0x0)\Pci(0x1D,0x0)\Pci(0x0,0x0)\NVMe(0x1,00-00-00-00-00-00-00-00)\HD(2,GPT,0F1DAEB6-1C1A-4914-ACBB-7D8A782A158E,0x73000,0xC8000)
9:664  0:000          Result of bootcode detection: bootable Windows (vista,win)
9:665  0:000            label : EFI
9:665  0:000          This is SelfVolume !!
9:665  0:000  - [09]: Volume: PciRoot(0x0)\Pci(0x1D,0x0)\Pci(0x0,0x0)\NVMe(0x1,00-00-00-00-00-00-00-00)\HD(3,GPT,2C548D6E-6A00-48DA-B579-9169B3B9FF24,0x13B000,0x8000)
9:665  0:000  - [10]: Volume: PciRoot(0x0)\Pci(0x1D,0x0)\Pci(0x0,0x0)\NVMe(0x1,00-00-00-00-00-00-00-00)\HD(4,GPT,F2F614CC-A1C9-4666-AD1C-E0029EE9602C,0x143000,0x1FED244F)
9:666  0:000          Result of bootcode detection: bootable Windows (vista,win)
9:667  0:001            label : NTFS
9:667  0:000  - [11]: Volume: PciRoot(0x0)\Pci(0x1D,0x0)\Pci(0x0,0x0)\NVMe(0x1,00-00-00-00-00-00-00-00)\HD(5,GPT,06B1160A-5D3C-462D-B82A-1EEE056B1965,0x20015800,0x12D000)
9:667  0:000          Result of bootcode detection: bootable Windows (vista,win)
9:669  0:001            label : NTFS
9:669  0:000  - [12]: Volume: PciRoot(0x0)\Pci(0x1D,0x0)\Pci(0x0,0x0)\NVMe(0x1,00-00-00-00-00-00-00-00)\HD(6,GPT,EE4C848F-B5D1-41E0-BB2B-DBE7982F0C82,0x20143000,0x8E63228F)
9:669  0:000          Result of bootcode detection: bootable Windows (vista,win)
9:670  0:001            label : NTFS
9:670  0:000  - [13]: Volume: PciRoot(0x0)\Pci(0x1D,0x0)\Pci(0x0,0x0)\NVMe(0x1,00-00-00-00-00-00-00-00)\HD(7,GPT,EBB98C6C-F1F5-4209-80BC-E62444891935,0xAE775800,0x3FFFF800)
9:671  0:000  - [14]: Volume: PciRoot(0x0)\Pci(0x14,0x0)\USB(0x14,0x0)
9:671  0:000          Result of bootcode detection: bootable unknown (legacy)
9:671  0:000  - [15]: Volume: PciRoot(0x0)\Pci(0x14,0x0)\USB(0x14,0x0)\HD(1,MBR,0x77FD01C0,0x1000,0x745D000)
9:672  0:000          Result of bootcode detection: bootable unknown (legacy)
9:672  0:000  - [16]: Volume: PciRoot(0x0)\Pci(0x1B,0x4)\Pci(0x0,0x0)\NVMe(0x1,00-00-00-00-00-00-00-00)\HD(2,GPT,8FF8AD79-B7B6-48AA-A11C-82FDE474A928,0x64028,0xEE711260)\VenMedia(BE74FCF7-0B7C-49F3-9147-01F4042E6842,93217B80BDCE1848B2A7EA6453815C68)
9:672  0:000            apfsFileSystemUUID=807B2193-CEBD-4818-B2A7-EA6453815C68, ApfsContainerUUID=A4DDE148-6EC1-403F-BBAB-D4636E4D3CF9, ApfsRole=0x10
9:673  0:000            label : Preboot
9:673  0:000  - [17]: Volume: PciRoot(0x0)\Pci(0x1B,0x4)\Pci(0x0,0x0)\NVMe(0x1,00-00-00-00-00-00-00-00)\HD(2,GPT,8FF8AD79-B7B6-48AA-A11C-82FDE474A928,0x64028,0xEE711260)\VenMedia(BE74FCF7-0B7C-49F3-9147-01F4042E6842,28A04C753ABA9E43B226701A8D259326)
9:673  0:000            apfsFileSystemUUID=754CA028-BA3A-439E-B226-701A8D259326, ApfsContainerUUID=A4DDE148-6EC1-403F-BBAB-D4636E4D3CF9, ApfsRole=0x40
9:679  0:005            label : mac - 数据
9:679  0:000  - [18]: Volume: PciRoot(0x0)\Pci(0x1B,0x4)\Pci(0x0,0x0)\NVMe(0x1,00-00-00-00-00-00-00-00)\HD(2,GPT,8FF8AD79-B7B6-48AA-A11C-82FDE474A928,0x64028,0xEE711260)\VenMedia(BE74FCF7-0B7C-49F3-9147-01F4042E6842,DFC719245F960649A639BCA76604C798)
9:679  0:000            apfsFileSystemUUID=2419C7DF-965F-4906-A639-BCA76604C798, ApfsContainerUUID=A4DDE148-6EC1-403F-BBAB-D4636E4D3CF9, ApfsRole=0x4
9:679  0:000            label : Recovery
9:679  0:000  - [19]: Volume: PciRoot(0x0)\Pci(0x1B,0x4)\Pci(0x0,0x0)\NVMe(0x1,00-00-00-00-00-00-00-00)\HD(2,GPT,8FF8AD79-B7B6-48AA-A11C-82FDE474A928,0x64028,0xEE711260)\VenMedia(BE74FCF7-0B7C-49F3-9147-01F4042E6842,1D2A30A026908E45AD7DFD1E63A61737)
9:679  0:000            apfsFileSystemUUID=A0302A1D-9026-458E-AD7D-FD1E63A61737, ApfsContainerUUID=A4DDE148-6EC1-403F-BBAB-D4636E4D3CF9, ApfsRole=0x8
9:679  0:000            label : VM
9:679  0:000  - [20]: Volume: PciRoot(0x0)\Pci(0x1B,0x4)\Pci(0x0,0x0)\NVMe(0x1,00-00-00-00-00-00-00-00)\HD(2,GPT,8FF8AD79-B7B6-48AA-A11C-82FDE474A928,0x64028,0xEE711260)\VenMedia(BE74FCF7-0B7C-49F3-9147-01F4042E6842,E933910FDAB6CB46819E4A78E8332A91)
9:680  0:000            apfsFileSystemUUID=0F9133E9-B6DA-46CB-819E-4A78E8332A91, ApfsContainerUUID=A4DDE148-6EC1-403F-BBAB-D4636E4D3CF9, ApfsRole=0x1
9:683  0:003            label : mac
9:683  0:000  found 3 handles with audio
9:683  0:000  No AudioIoDevice stored
9:683  0:000  no stored audio parameters
9:683  0:000  Found Audio Device Nvidia (Unknown) (HDMI) at index 0
9:683  0:000  Found Audio Device Nvidia (Unknown) (HDMI) at index 1
9:683  0:000  Found Audio Device Nvidia (Unknown) (HDMI) at index 2
9:683  0:000  Found Audio Device Nvidia (Unknown) (HDMI) at index 3
9:683  0:000  Found Audio Device Realtek ALC1220 (Headphones) at index 4
9:683  0:000  Found Audio Device Realtek ALC1220 (Speaker) at index 5
9:683  0:000  Found Audio Device Realtek ALC1220 (SPDIF) at index 6
9:683  0:000  Found Audio Device Intel Kaby Lake HDMI (HDMI) at index 7
9:683  0:000  === [ InitXTheme ] ==============================
9:683  0:000  use Daylight theme
9:684  0:000  Using theme 'gawin' (gawin)
9:684  0:000  chosen theme gawin
9:684  0:000  OS main and drive as badge
9:690  0:005  tool_shell not decoded. Status=Unsupported
9:691  0:000  pointer not decoded. Status=Unsupported
10:317  0:626  sound play end with status=Device Error
10:321  0:004  theme inited
10:321  0:000  Chosen theme gawin
10:321  0:000  after NVRAM boot-args=slide=0 darkwake=0
10:321  0:000  === [ Dump SMC keys from NVRAM ] ================
10:321  0:000  found AppleSMC protocol
10:324  0:002     fakesmc-key-$Adr-ui32:00 00 03 00 
10:324  0:000     fakesmc-key-$Num-ui8:01 
10:324  0:000     fakesmc-key-RMde-char:41 
10:324  0:000     fakesmc-key-RPlt-ch8*:6A 36 38 30 00 00 00 00 
10:324  0:000     fakesmc-key-BEMB-flag:01 
10:325  0:000     fakesmc-key-BATP-flag:00 
10:325  0:000     fakesmc-key-BNum-ui8:01 
10:325  0:000     fakesmc-key-BBIN-ui8:01 
10:325  0:000     fakesmc-key-MSTc-ui8:00 
10:325  0:000     fakesmc-key-MSAc-ui16:00 00 
10:325  0:000     fakesmc-key-MSWr-ui8:00 
10:325  0:000     fakesmc-key-MSFW-ui8:01 00 
10:325  0:000     fakesmc-key-MSPS-ui16:00 03 
10:325  0:000     fakesmc-key-#KEY-ui32:00 00 00 0E 
10:327  0:001  Registered 14 SMC keys
10:327  0:000  === [ ScanLoader ] ==============================
10:327  0:000  - [02]: 'NTFS'
10:361  0:034  - [04]: 'EFI'
10:363  0:001        AddLoaderEntry for Volume Name=EFI, idx=0
10:363  0:000        OSVersion= 
10:363  0:000        IconName=unknown comma=-1 size=7
10:363  0:000        Full=unknown
10:365  0:001        Show badge as Drive.
10:365  0:000        Loader entry created for 'PciRoot(0x0)\Pci(0x1B,0x4)\Pci(0x0,0x0)\NVMe(0x1,00-00-00-00-00-00-00-00)\HD(1,GPT,13EECA84-942B-4E7D-BB1B-F19703A80377,0x28,0x64000)\EFI\BOOT\BOOTX64.efi'
10:365  0:000        Menu entry added at index 0
10:365  0:000       hiding entry because DiskKind is DISK_KIND_INTERNAL: \EFI\BOOT\BOOTX64.efi
10:365  0:000  - [07]: 'NTFS'
10:385  0:019  - [08]: 'EFI'
10:388  0:002        AddLoaderEntry for Volume Name=EFI, idx=1
10:388  0:000        OSVersion= 
10:388  0:000        IconName=vista,win comma=5 size=9
10:388  0:000        first=os_vista
10:389  0:001        Show badge as Drive.
10:389  0:000        Loader entry created for 'PciRoot(0x0)\Pci(0x1D,0x0)\Pci(0x0,0x0)\NVMe(0x1,00-00-00-00-00-00-00-00)\HD(2,GPT,0F1DAEB6-1C1A-4914-ACBB-7D8A782A158E,0x73000,0xC8000)\EFI\microsoft\Boot\bootmgfw.efi'
10:389  0:000        Menu entry added at index 1
10:390  0:001    found entry arch,linux
10:392  0:001        AddLoaderEntry for Volume Name=EFI, idx=2
10:392  0:000        OSVersion= 
10:394  0:001        Show badge as Drive.
10:394  0:000        Loader entry created for 'PciRoot(0x0)\Pci(0x1D,0x0)\Pci(0x0,0x0)\NVMe(0x1,00-00-00-00-00-00-00-00)\HD(2,GPT,0F1DAEB6-1C1A-4914-ACBB-7D8A782A158E,0x73000,0xC8000)\EFI\arch\grubx64.efi'
10:394  0:000        Menu entry added at index 2
10:395  0:000    found entry centos,linux
10:396  0:001        AddLoaderEntry for Volume Name=EFI, idx=3
10:396  0:000        OSVersion= 
10:398  0:001        Show badge as Drive.
10:398  0:000        Loader entry created for 'PciRoot(0x0)\Pci(0x1D,0x0)\Pci(0x0,0x0)\NVMe(0x1,00-00-00-00-00-00-00-00)\HD(2,GPT,0F1DAEB6-1C1A-4914-ACBB-7D8A782A158E,0x73000,0xC8000)\EFI\centos\grubx64.efi'
10:398  0:000        Menu entry added at index 3
10:399  0:000    found entry debian,linux
10:401  0:002        AddLoaderEntry for Volume Name=EFI, idx=4
10:401  0:000        OSVersion= 
10:402  0:001        Show badge as Drive.
10:402  0:000        Loader entry created for 'PciRoot(0x0)\Pci(0x1D,0x0)\Pci(0x0,0x0)\NVMe(0x1,00-00-00-00-00-00-00-00)\HD(2,GPT,0F1DAEB6-1C1A-4914-ACBB-7D8A782A158E,0x73000,0xC8000)\EFI\debian\grubx64.efi'
10:403  0:000        Menu entry added at index 4
10:403  0:000    found entry deepin,linux
10:405  0:002        AddLoaderEntry for Volume Name=EFI, idx=5
10:405  0:000        OSVersion= 
10:407  0:001        Show badge as Drive.
10:407  0:000        Loader entry created for 'PciRoot(0x0)\Pci(0x1D,0x0)\Pci(0x0,0x0)\NVMe(0x1,00-00-00-00-00-00-00-00)\HD(2,GPT,0F1DAEB6-1C1A-4914-ACBB-7D8A782A158E,0x73000,0xC8000)\EFI\deepin\grubx64.efi'
10:407  0:000        Menu entry added at index 5
10:407  0:000    found entry fedora,linux
10:409  0:002        AddLoaderEntry for Volume Name=EFI, idx=6
10:409  0:000        OSVersion= 
10:411  0:001        Show badge as Drive.
10:411  0:000        Loader entry created for 'PciRoot(0x0)\Pci(0x1D,0x0)\Pci(0x0,0x0)\NVMe(0x1,00-00-00-00-00-00-00-00)\HD(2,GPT,0F1DAEB6-1C1A-4914-ACBB-7D8A782A158E,0x73000,0xC8000)\EFI\fedora\grubx64.efi'
10:411  0:000        Menu entry added at index 6
10:411  0:000    found entry gentoo,linux
10:413  0:001        AddLoaderEntry for Volume Name=EFI, idx=7
10:413  0:000        OSVersion= 
10:414  0:001        Show badge as Drive.
10:414  0:000        Loader entry created for 'PciRoot(0x0)\Pci(0x1D,0x0)\Pci(0x0,0x0)\NVMe(0x1,00-00-00-00-00-00-00-00)\HD(2,GPT,0F1DAEB6-1C1A-4914-ACBB-7D8A782A158E,0x73000,0xC8000)\EFI\gentoo\grubx64.efi'
10:414  0:000        Menu entry added at index 7
10:415  0:000    found entry grub,linux
10:417  0:002        AddLoaderEntry for Volume Name=EFI, idx=8
10:417  0:000        OSVersion= 
10:419  0:001        Show badge as Drive.
10:419  0:000        Loader entry created for 'PciRoot(0x0)\Pci(0x1D,0x0)\Pci(0x0,0x0)\NVMe(0x1,00-00-00-00-00-00-00-00)\HD(2,GPT,0F1DAEB6-1C1A-4914-ACBB-7D8A782A158E,0x73000,0xC8000)\EFI\grub\grubx64.efi'
10:419  0:000        Menu entry added at index 8
10:419  0:000    found entry linux,linux
10:420  0:000        AddLoaderEntry for Volume Name=EFI, idx=9
10:420  0:000        OSVersion= 
10:421  0:001        Show badge as Drive.
10:421  0:000        Loader entry created for 'PciRoot(0x0)\Pci(0x1D,0x0)\Pci(0x0,0x0)\NVMe(0x1,00-00-00-00-00-00-00-00)\HD(2,GPT,0F1DAEB6-1C1A-4914-ACBB-7D8A782A158E,0x73000,0xC8000)\EFI\linux\grubx64.efi'
10:421  0:000        Menu entry added at index 9
10:422  0:000    found entry manjaro,linux
10:423  0:001        AddLoaderEntry for Volume Name=EFI, idx=10
10:423  0:000        OSVersion= 
10:425  0:001        Show badge as Drive.
10:425  0:000        Loader entry created for 'PciRoot(0x0)\Pci(0x1D,0x0)\Pci(0x0,0x0)\NVMe(0x1,00-00-00-00-00-00-00-00)\HD(2,GPT,0F1DAEB6-1C1A-4914-ACBB-7D8A782A158E,0x73000,0xC8000)\EFI\manjaro\grubx64.efi'
10:425  0:000        Menu entry added at index 10
10:425  0:000    found entry ubuntu,linux
10:425  0:000        AddLoaderEntry for Volume Name=EFI, idx=11
10:425  0:000        OSVersion= 
10:427  0:001        Show badge as Drive.
10:427  0:000        Loader entry created for 'PciRoot(0x0)\Pci(0x1D,0x0)\Pci(0x0,0x0)\NVMe(0x1,00-00-00-00-00-00-00-00)\HD(2,GPT,0F1DAEB6-1C1A-4914-ACBB-7D8A782A158E,0x73000,0xC8000)\EFI\ubuntu\grubx64.efi'
10:427  0:000        Menu entry added at index 11
10:427  0:000        AddLoaderEntry for Volume Name=EFI, idx=12
10:427  0:000        OSVersion= 
10:427  0:000        IconName=unknown comma=-1 size=7
10:428  0:000        Full=unknown
10:429  0:001        Show badge as Drive.
10:429  0:000        Loader entry created for 'PciRoot(0x0)\Pci(0x1D,0x0)\Pci(0x0,0x0)\NVMe(0x1,00-00-00-00-00-00-00-00)\HD(2,GPT,0F1DAEB6-1C1A-4914-ACBB-7D8A782A158E,0x73000,0xC8000)\EFI\BOOT\BOOTX64.efi'
10:429  0:000        Menu entry added at index 12
10:429  0:000       hiding entry because DiskKind is DISK_KIND_INTERNAL: \EFI\BOOT\BOOTX64.efi
10:429  0:000  - [10]: 'NTFS'
10:448  0:018  - [11]: 'NTFS'
10:469  0:020  - [12]: 'NTFS'
10:487  0:018  - [16]: 'Preboot'
10:487  0:000      ApfsContainerUUID=A4DDE148-6EC1-403F-BBAB-D4636E4D3CF9
10:487  0:000      ApfsFileSystemUUID=807B2193-CEBD-4818-B2A7-EA6453815C68
10:488  0:000      APFSTargetUUID=0F9133E9-B6DA-46CB-819E-4A78E8332A91
10:488  0:000        AddLoaderEntry for Volume Name=Preboot, idx=13
10:512  0:023        OSVersion=10.15.7 
10:512  0:000        Check if volume Is Hibernated:
10:512  0:000        Check sleep image 'by signature':
10:512  0:000        using default sleep image name = \private\var\vm\sleepimage
10:512  0:000        cannot open sleepimage -> Not Found
10:512  0:000        hibernated: no - sign
10:512  0:000        IconName=cata,mac comma=4 size=8
10:512  0:000        first=os_cata
10:513  0:001        Show badge as Drive.
10:513  0:000        Loader entry created for 'PciRoot(0x0)\Pci(0x1B,0x4)\Pci(0x0,0x0)\NVMe(0x1,00-00-00-00-00-00-00-00)\HD(2,GPT,8FF8AD79-B7B6-48AA-A11C-82FDE474A928,0x64028,0xEE711260)\VenMedia(BE74FCF7-0B7C-49F3-9147-01F4042E6842,93217B80BDCE1848B2A7EA6453815C68)\0F9133E9-B6DA-46CB-819E-4A78E8332A91\System\Library\CoreServices\boot.efi'
10:513  0:000        Menu entry added at index 13
10:514  0:000  - [17]: 'mac - 数据'
10:514  0:000      ApfsContainerUUID=A4DDE148-6EC1-403F-BBAB-D4636E4D3CF9
10:514  0:000      ApfsFileSystemUUID=754CA028-BA3A-439E-B226-701A8D259326
10:514  0:000  - [18]: 'Recovery'
10:514  0:000      ApfsContainerUUID=A4DDE148-6EC1-403F-BBAB-D4636E4D3CF9
10:514  0:000      ApfsFileSystemUUID=2419C7DF-965F-4906-A639-BCA76604C798
10:515  0:000      APFSTargetUUID=0F9133E9-B6DA-46CB-819E-4A78E8332A91
10:515  0:000        AddLoaderEntry for Volume Name=Recovery, idx=14
10:539  0:023        OSVersion=10.15.7 
10:539  0:000        IconName=cata,mac comma=4 size=8
10:539  0:000        first=os_cata
10:539  0:000        Show badge as Drive.
10:539  0:000        Loader entry created for 'PciRoot(0x0)\Pci(0x1B,0x4)\Pci(0x0,0x0)\NVMe(0x1,00-00-00-00-00-00-00-00)\HD(2,GPT,8FF8AD79-B7B6-48AA-A11C-82FDE474A928,0x64028,0xEE711260)\VenMedia(BE74FCF7-0B7C-49F3-9147-01F4042E6842,DFC719245F960649A639BCA76604C798)\0F9133E9-B6DA-46CB-819E-4A78E8332A91\boot.efi'
10:539  0:000        Menu entry added at index 14
10:539  0:000  - [19]: 'VM'
10:539  0:000      ApfsContainerUUID=A4DDE148-6EC1-403F-BBAB-D4636E4D3CF9
10:539  0:000      ApfsFileSystemUUID=A0302A1D-9026-458E-AD7D-FD1E63A61737
10:540  0:000  - [20]: 'mac'
10:540  0:000      ApfsContainerUUID=A4DDE148-6EC1-403F-BBAB-D4636E4D3CF9
10:540  0:000      ApfsFileSystemUUID=0F9133E9-B6DA-46CB-819E-4A78E8332A91
10:547  0:006        AddLoaderEntry for Volume Name=mac, idx=15
10:547  0:000        OSVersion=10.15.7 
10:547  0:000        Check if volume Is Hibernated:
10:547  0:000        Check sleep image 'by signature':
10:547  0:000        using default sleep image name = \private\var\vm\sleepimage
10:548  0:000        cannot open sleepimage -> Not Found
10:548  0:000        hibernated: no - sign
10:548  0:000        IconName=cata,mac comma=4 size=8
10:548  0:000        first=os_cata
10:549  0:001        Show badge as Drive.
10:549  0:000        Loader entry created for 'PciRoot(0x0)\Pci(0x1B,0x4)\Pci(0x0,0x0)\NVMe(0x1,00-00-00-00-00-00-00-00)\HD(2,GPT,8FF8AD79-B7B6-48AA-A11C-82FDE474A928,0x64028,0xEE711260)\VenMedia(BE74FCF7-0B7C-49F3-9147-01F4042E6842,E933910FDAB6CB46819E4A78E8332A91)\System\Library\CoreServices\boot.efi'
10:550  0:000        Menu entry added at index 15
10:550  0:000  Entries list before ordering
10:550  0:000      Entry 0 : Boot UEFI internal from EFI (hidden)
10:550  0:000      Entry 1 : Boot Microsoft EFI Boot from EFI
10:550  0:000      Entry 2 : Boot Arch Linux from EFI
10:550  0:000      Entry 3 : Boot Centos Linux from EFI
10:550  0:000      Entry 4 : Boot Debian Linux from EFI
10:550  0:000      Entry 5 : Boot Deepin Linux from EFI
10:550  0:000      Entry 6 : Boot Fedora Linux from EFI
10:550  0:000      Entry 7 : Boot Gentoo Linux from EFI
10:550  0:000      Entry 8 : Boot Grub Linux from EFI
10:550  0:000      Entry 9 : Boot Linux Linux from EFI
10:550  0:000      Entry 10 : Boot Manjaro Linux from EFI
10:550  0:000      Entry 11 : Boot Ubuntu Linux from EFI
10:550  0:000      Entry 12 : Boot UEFI internal from EFI (hidden)
10:550  0:000      Entry 13 : Boot Mac OS from mac via Preboot
10:550  0:000      Entry 14 : Boot Mac OS Recovery for mac via Recovery
10:550  0:000      Entry 15 : Boot macOS from mac
10:550  0:000  Hiding entry 13 because of entry 15
10:550  0:000  Move preboot entry 13 before system 15
10:550  0:000  Move recovery entry 14 after system 15
10:550  0:000  Entries list after ordering
10:550  0:000    Entry 0 : Boot UEFI internal from EFI (hidden)
10:550  0:000    Entry 1 : Boot Microsoft EFI Boot from EFI
10:550  0:000    Entry 2 : Boot Arch Linux from EFI
10:550  0:000    Entry 3 : Boot Centos Linux from EFI
10:550  0:000    Entry 4 : Boot Debian Linux from EFI
10:550  0:000    Entry 5 : Boot Deepin Linux from EFI
10:550  0:000    Entry 6 : Boot Fedora Linux from EFI
10:550  0:000    Entry 7 : Boot Gentoo Linux from EFI
10:550  0:000    Entry 8 : Boot Grub Linux from EFI
10:550  0:000    Entry 9 : Boot Linux Linux from EFI
10:550  0:000    Entry 10 : Boot Manjaro Linux from EFI
10:550  0:000    Entry 11 : Boot Ubuntu Linux from EFI
10:550  0:000    Entry 12 : Boot UEFI internal from EFI (hidden)
10:550  0:000    Entry 13 : Boot Mac OS from mac via Preboot (hidden)
10:550  0:000    Entry 14 : Boot macOS from mac
10:550  0:000    Entry 15 : Boot Mac OS Recovery for mac via Recovery
10:550  0:000  === [ AddCustomTool ] ===========================
10:552  0:001  Checking EFI partition Volume 4 for Clover
10:552  0:000   Found Clover
10:552  0:000  === [ GetEfiBootDeviceFromNvram ] ===============
10:552  0:000  Got efi-boot-device-data size=156
10:552  0:000   - efi-boot-device-data: PciRoot(0x0)\Pci(0x1D,0x0)\Pci(0x0,0x0)\NVMe(0x1,00-00-00-00-00-00-00-00)\HD(2,GPT,0F1DAEB6-1C1A-4914-ACBB-7D8A782A158E,0x73000,0xC8000)\EFI\microsoft\Boot\bootmgfw.efi
10:552  0:000    - Volume: 'PciRoot(0x0)\Pci(0x1D,0x0)\Pci(0x0,0x0)\NVMe(0x1,00-00-00-00-00-00-00-00)\HD(2,GPT,0F1DAEB6-1C1A-4914-ACBB-7D8A782A158E,0x73000,0xC8000)'
10:552  0:000    - LoaderPath: '\EFI\microsoft\Boot\bootmgfw.efi'
10:552  0:000    - Guid = 0F1DAEB6-1C1A-4914-ACBB-7D8A782A158E
10:552  0:000  === [ FindStartupDiskVolume ] ===================
10:552  0:000    - Volume: partition = PciRoot(0x0)\Pci(0x1D,0x0)\Pci(0x0,0x0)\NVMe(0x1,00-00-00-00-00-00-00-00)\HD(2,GPT,0F1DAEB6-1C1A-4914-ACBB-7D8A782A158E,0x73000,0xC8000)
10:552  0:000     - searching for that partition and loader '\EFI\microsoft\Boot\bootmgfw.efi'
10:552  0:000    checking 'PciRoot(0x0)/Pci(0x1D,0x0)/Pci(0x0,0x0)/NVMe(0x1,00-00-00-00-00-00-00-00)/HD(2,GPT,0F1DAEB6-1C1A-4914-ACBB-7D8A782A158E,0x73000,0xC8000)'
10:552  0:000     '\EFI\microsoft\Boot\bootmgfw.efi'
10:552  0:000      - found entry 0. 'Boot Microsoft EFI Boot from EFI', Volume 'EFI', '\EFI\microsoft\Boot\bootmgfw.efi'
10:552  0:000  Boot redirected to Entry 0. 'Boot Microsoft EFI Boot from EFI'
10:552  0:000  BannerPlace at Clear Screen [1609,0]
11:369  0:816  GUI ready
39:760  28:390  === [ GetUserSettings ] =========================
39:760  0:000  GetDefaultModel()=MacBookPro15,1
39:761  0:000  Using config-sample.plist at path: \EFI\CLOVER
39:763  0:001  There are problems in plist '\EFI\CLOVER\config-sample.plist'
39:763  0:000  Error: Expecting hex digits following key '/KernelAndKextPatches/KextsToPatch[1]/Find' at line 892.
39:763  0:000  Error: Expecting hex digits following key '/KernelAndKextPatches/KextsToPatch[1]/Replace' at line 898.
39:763  0:000  Warning: Find has to be defined in dict '/KernelAndKextPatches/KextsToPatch:872'.
39:763  0:000  Warning: Find has to be defined in dict '/KernelAndKextPatches/KextsToPatch:872'.
39:763  0:000  Use CloverConfigPlistValidator or look in the log
42:763  3:000  Cannot find smbios.plist at path '\EFI\CLOVER' : Not Found
42:763  0:000  '\EFI\CLOVER\smbios.plist' not loaded. Efi error Not Found
42:763  0:000  BiosVersion: MBP151.88Z.F000.B00.2107050205
42:763  0:000  BiosReleaseDate: 07/05/2021
42:763  0:000  EfiVersion: 715.0.57.0.0
42:763  0:000  got BE smUUID as:6DB24246-5E00-1D48-9EF7-48272A59DD5E
42:763  0:000  Calibrated TSC Frequency = 2592805420 = 2592MHz
61:313  18:550  applied Quirks mask:b041
74:053  12:739  applied Quirks mask:a041
79:719  5:666  ReinitRefitLib after theme change
79:720  0:000  === [ Found DSDT tables ] =======================
79:721  0:001  === [ ScanVolumes ] =============================
79:721  0:000  Found 21 volumes with blockIO
79:721  0:000  - [00]: Volume: PciRoot(0x0)\Pci(0x17,0x0)\Sata(0x0,0x0,0x0)
79:722  0:001  - [01]: Volume: PciRoot(0x0)\Pci(0x17,0x0)\Sata(0x0,0x0,0x0)\HD(1,GPT,20B111BE-EA3C-4539-92C9-73F04AE6FDAE,0xD0000,0x40000)
79:726  0:003  - [02]: Volume: PciRoot(0x0)\Pci(0x17,0x0)\Sata(0x0,0x0,0x0)\HD(2,GPT,D4053572-0B54-4963-8203-2F67F28B8E84,0x110000,0xE8CF8000)
79:730  0:003          Result of bootcode detection: bootable Windows (vista,win)
80:057  0:326            label : NTFS
80:057  0:000  - [03]: Volume: PciRoot(0x0)\Pci(0x1B,0x4)\Pci(0x0,0x0)\NVMe(0x1,00-00-00-00-00-00-00-00)
80:057  0:000  - [04]: Volume: PciRoot(0x0)\Pci(0x1B,0x4)\Pci(0x0,0x0)\NVMe(0x1,00-00-00-00-00-00-00-00)\HD(1,GPT,13EECA84-942B-4E7D-BB1B-F19703A80377,0x28,0x64000)
80:057  0:000          Result of bootcode detection: bootable unknown (legacy)
80:057  0:000            label : EFI
80:057  0:000  - [05]: Volume: PciRoot(0x0)\Pci(0x1B,0x4)\Pci(0x0,0x0)\NVMe(0x1,00-00-00-00-00-00-00-00)\HD(2,GPT,8FF8AD79-B7B6-48AA-A11C-82FDE474A928,0x64028,0xEE711260)
80:058  0:000          Result of bootcode detection: bootable unknown (legacy)
80:058  0:000  - [06]: Volume: PciRoot(0x0)\Pci(0x1D,0x0)\Pci(0x0,0x0)\NVMe(0x1,00-00-00-00-00-00-00-00)
80:058  0:000  - [07]: Volume: PciRoot(0x0)\Pci(0x1D,0x0)\Pci(0x0,0x0)\NVMe(0x1,00-00-00-00-00-00-00-00)\HD(1,GPT,46F7D98C-B01C-48F8-99F1-352930A21010,0x800,0x72800)
80:058  0:000          Result of bootcode detection: bootable Windows (vista,win)
80:060  0:001            label : NTFS
80:060  0:000  - [08]: Volume: PciRoot(0x0)\Pci(0x1D,0x0)\Pci(0x0,0x0)\NVMe(0x1,00-00-00-00-00-00-00-00)\HD(2,GPT,0F1DAEB6-1C1A-4914-ACBB-7D8A782A158E,0x73000,0xC8000)
80:060  0:000          Result of bootcode detection: bootable Windows (vista,win)
80:060  0:000            label : EFI
80:060  0:000          This is SelfVolume !!
80:060  0:000  - [09]: Volume: PciRoot(0x0)\Pci(0x1D,0x0)\Pci(0x0,0x0)\NVMe(0x1,00-00-00-00-00-00-00-00)\HD(3,GPT,2C548D6E-6A00-48DA-B579-9169B3B9FF24,0x13B000,0x8000)
80:061  0:000  - [10]: Volume: PciRoot(0x0)\Pci(0x1D,0x0)\Pci(0x0,0x0)\NVMe(0x1,00-00-00-00-00-00-00-00)\HD(4,GPT,F2F614CC-A1C9-4666-AD1C-E0029EE9602C,0x143000,0x1FED244F)
80:061  0:000          Result of bootcode detection: bootable Windows (vista,win)
80:062  0:001            label : NTFS
80:062  0:000  - [11]: Volume: PciRoot(0x0)\Pci(0x1D,0x0)\Pci(0x0,0x0)\NVMe(0x1,00-00-00-00-00-00-00-00)\HD(5,GPT,06B1160A-5D3C-462D-B82A-1EEE056B1965,0x20015800,0x12D000)
80:063  0:000          Result of bootcode detection: bootable Windows (vista,win)
80:064  0:001            label : NTFS
80:064  0:000  - [12]: Volume: PciRoot(0x0)\Pci(0x1D,0x0)\Pci(0x0,0x0)\NVMe(0x1,00-00-00-00-00-00-00-00)\HD(6,GPT,EE4C848F-B5D1-41E0-BB2B-DBE7982F0C82,0x20143000,0x8E63228F)
80:064  0:000          Result of bootcode detection: bootable Windows (vista,win)
80:066  0:001            label : NTFS
80:066  0:000  - [13]: Volume: PciRoot(0x0)\Pci(0x1D,0x0)\Pci(0x0,0x0)\NVMe(0x1,00-00-00-00-00-00-00-00)\HD(7,GPT,EBB98C6C-F1F5-4209-80BC-E62444891935,0xAE775800,0x3FFFF800)
80:066  0:000  - [14]: Volume: PciRoot(0x0)\Pci(0x14,0x0)\USB(0x14,0x0)
80:067  0:000          Result of bootcode detection: bootable unknown (legacy)
80:067  0:000  - [15]: Volume: PciRoot(0x0)\Pci(0x14,0x0)\USB(0x14,0x0)\HD(1,MBR,0x77FD01C0,0x1000,0x745D000)
80:067  0:000          Result of bootcode detection: bootable unknown (legacy)
80:067  0:000  - [16]: Volume: PciRoot(0x0)\Pci(0x1B,0x4)\Pci(0x0,0x0)\NVMe(0x1,00-00-00-00-00-00-00-00)\HD(2,GPT,8FF8AD79-B7B6-48AA-A11C-82FDE474A928,0x64028,0xEE711260)\VenMedia(BE74FCF7-0B7C-49F3-9147-01F4042E6842,93217B80BDCE1848B2A7EA6453815C68)
80:068  0:000            apfsFileSystemUUID=807B2193-CEBD-4818-B2A7-EA6453815C68, ApfsContainerUUID=A4DDE148-6EC1-403F-BBAB-D4636E4D3CF9, ApfsRole=0x10
80:068  0:000            label : Preboot
80:068  0:000  - [17]: Volume: PciRoot(0x0)\Pci(0x1B,0x4)\Pci(0x0,0x0)\NVMe(0x1,00-00-00-00-00-00-00-00)\HD(2,GPT,8FF8AD79-B7B6-48AA-A11C-82FDE474A928,0x64028,0xEE711260)\VenMedia(BE74FCF7-0B7C-49F3-9147-01F4042E6842,28A04C753ABA9E43B226701A8D259326)
80:068  0:000            apfsFileSystemUUID=754CA028-BA3A-439E-B226-701A8D259326, ApfsContainerUUID=A4DDE148-6EC1-403F-BBAB-D4636E4D3CF9, ApfsRole=0x40
80:069  0:001            label : mac - 数据
80:069  0:000  - [18]: Volume: PciRoot(0x0)\Pci(0x1B,0x4)\Pci(0x0,0x0)\NVMe(0x1,00-00-00-00-00-00-00-00)\HD(2,GPT,8FF8AD79-B7B6-48AA-A11C-82FDE474A928,0x64028,0xEE711260)\VenMedia(BE74FCF7-0B7C-49F3-9147-01F4042E6842,DFC719245F960649A639BCA76604C798)
80:069  0:000            apfsFileSystemUUID=2419C7DF-965F-4906-A639-BCA76604C798, ApfsContainerUUID=A4DDE148-6EC1-403F-BBAB-D4636E4D3CF9, ApfsRole=0x4
80:069  0:000            label : Recovery
80:069  0:000  - [19]: Volume: PciRoot(0x0)\Pci(0x1B,0x4)\Pci(0x0,0x0)\NVMe(0x1,00-00-00-00-00-00-00-00)\HD(2,GPT,8FF8AD79-B7B6-48AA-A11C-82FDE474A928,0x64028,0xEE711260)\VenMedia(BE74FCF7-0B7C-49F3-9147-01F4042E6842,1D2A30A026908E45AD7DFD1E63A61737)
80:069  0:000            apfsFileSystemUUID=A0302A1D-9026-458E-AD7D-FD1E63A61737, ApfsContainerUUID=A4DDE148-6EC1-403F-BBAB-D4636E4D3CF9, ApfsRole=0x8
80:069  0:000            label : VM
80:069  0:000  - [20]: Volume: PciRoot(0x0)\Pci(0x1B,0x4)\Pci(0x0,0x0)\NVMe(0x1,00-00-00-00-00-00-00-00)\HD(2,GPT,8FF8AD79-B7B6-48AA-A11C-82FDE474A928,0x64028,0xEE711260)\VenMedia(BE74FCF7-0B7C-49F3-9147-01F4042E6842,E933910FDAB6CB46819E4A78E8332A91)
80:070  0:000            apfsFileSystemUUID=0F9133E9-B6DA-46CB-819E-4A78E8332A91, ApfsContainerUUID=A4DDE148-6EC1-403F-BBAB-D4636E4D3CF9, ApfsRole=0x1
80:071  0:001            label : mac
80:071  0:000  found 3 handles with audio
80:071  0:000  No AudioIoDevice stored
80:071  0:000  no stored audio parameters
80:071  0:000  Found Audio Device Nvidia (Unknown) (HDMI) at index 0
80:071  0:000  Found Audio Device Nvidia (Unknown) (HDMI) at index 1
80:071  0:000  Found Audio Device Nvidia (Unknown) (HDMI) at index 2
80:071  0:000  Found Audio Device Nvidia (Unknown) (HDMI) at index 3
80:071  0:000  Found Audio Device Realtek ALC1220 (Headphones) at index 4
80:071  0:000  Found Audio Device Realtek ALC1220 (Speaker) at index 5
80:071  0:000  Found Audio Device Realtek ALC1220 (SPDIF) at index 6
80:071  0:000  Found Audio Device Intel Kaby Lake HDMI (HDMI) at index 7
80:071  0:000  change theme
80:072  0:000  === [ InitXTheme ] ==============================
80:072  0:000  use night theme
80:072  0:000  GlobalConfig: Clovy not found, get embedded theme
80:072  0:000   using embedded theme
80:107  0:035  sound play end with status=Device Error
80:109  0:001  Using embedded font
80:110  0:000  theme inited
80:110  0:000  Chosen embedded theme
80:110  0:000  after NVRAM boot-args=
80:110  0:000  === [ ScanLoader ] ==============================
80:110  0:000  - [02]: 'NTFS'
80:133  0:023  - [04]: 'EFI'
80:135  0:001        AddLoaderEntry for Volume Name=EFI, idx=0
80:135  0:000        OSVersion= 
80:135  0:000        IconName=unknown comma=-1 size=7
80:135  0:000        Full=unknown
80:135  0:000        Loader entry created for 'PciRoot(0x0)\Pci(0x1B,0x4)\Pci(0x0,0x0)\NVMe(0x1,00-00-00-00-00-00-00-00)\HD(1,GPT,13EECA84-942B-4E7D-BB1B-F19703A80377,0x28,0x64000)\EFI\BOOT\BOOTX64.efi'
80:135  0:000        Menu entry added at index 0
80:135  0:000       hiding entry because DiskKind is DISK_KIND_INTERNAL: \EFI\BOOT\BOOTX64.efi
80:135  0:000  - [07]: 'NTFS'
80:156  0:020  - [08]: 'EFI'
80:157  0:001        AddLoaderEntry for Volume Name=EFI, idx=1
80:157  0:000        OSVersion= 
80:157  0:000        IconName=vista,win comma=5 size=9
80:157  0:000        first=os_vista
80:157  0:000        Second=os_win
80:157  0:000        IconName=unknown comma=-1 size=7
80:157  0:000        Full=unknown
80:157  0:000        Loader entry created for 'PciRoot(0x0)\Pci(0x1D,0x0)\Pci(0x0,0x0)\NVMe(0x1,00-00-00-00-00-00-00-00)\HD(2,GPT,0F1DAEB6-1C1A-4914-ACBB-7D8A782A158E,0x73000,0xC8000)\EFI\microsoft\Boot\bootmgfw.efi'
80:158  0:000        Menu entry added at index 1
80:158  0:000    found entry arch,linux
80:158  0:000        AddLoaderEntry for Volume Name=EFI, idx=2
80:158  0:000        OSVersion= 
80:158  0:000        linux image not found
80:158  0:000        IconName=linux comma=-1 size=5
80:158  0:000        Full=linux
80:158  0:000        IconName=unknown comma=-1 size=7
80:158  0:000        Full=unknown
80:159  0:000        Loader entry created for 'PciRoot(0x0)\Pci(0x1D,0x0)\Pci(0x0,0x0)\NVMe(0x1,00-00-00-00-00-00-00-00)\HD(2,GPT,0F1DAEB6-1C1A-4914-ACBB-7D8A782A158E,0x73000,0xC8000)\EFI\arch\grubx64.efi'
80:159  0:000        Menu entry added at index 2
80:159  0:000    found entry centos,linux
80:159  0:000        AddLoaderEntry for Volume Name=EFI, idx=3
80:159  0:000        OSVersion= 
80:159  0:000        linux image not found
80:159  0:000        IconName=linux comma=-1 size=5
80:159  0:000        Full=linux
80:159  0:000        IconName=unknown comma=-1 size=7
80:159  0:000        Full=unknown
80:159  0:000        Loader entry created for 'PciRoot(0x0)\Pci(0x1D,0x0)\Pci(0x0,0x0)\NVMe(0x1,00-00-00-00-00-00-00-00)\HD(2,GPT,0F1DAEB6-1C1A-4914-ACBB-7D8A782A158E,0x73000,0xC8000)\EFI\centos\grubx64.efi'
80:160  0:000        Menu entry added at index 3
80:160  0:000    found entry debian,linux
80:160  0:000        AddLoaderEntry for Volume Name=EFI, idx=4
80:160  0:000        OSVersion= 
80:160  0:000        linux image not found
80:160  0:000        IconName=linux comma=-1 size=5
80:160  0:000        Full=linux
80:160  0:000        IconName=unknown comma=-1 size=7
80:160  0:000        Full=unknown
80:160  0:000        Loader entry created for 'PciRoot(0x0)\Pci(0x1D,0x0)\Pci(0x0,0x0)\NVMe(0x1,00-00-00-00-00-00-00-00)\HD(2,GPT,0F1DAEB6-1C1A-4914-ACBB-7D8A782A158E,0x73000,0xC8000)\EFI\debian\grubx64.efi'
80:160  0:000        Menu entry added at index 4
80:161  0:000    found entry deepin,linux
80:161  0:000        AddLoaderEntry for Volume Name=EFI, idx=5
80:161  0:000        OSVersion= 
80:161  0:000        linux image not found
80:161  0:000        IconName=linux comma=-1 size=5
80:161  0:000        Full=linux
80:161  0:000        IconName=unknown comma=-1 size=7
80:161  0:000        Full=unknown
80:161  0:000        Loader entry created for 'PciRoot(0x0)\Pci(0x1D,0x0)\Pci(0x0,0x0)\NVMe(0x1,00-00-00-00-00-00-00-00)\HD(2,GPT,0F1DAEB6-1C1A-4914-ACBB-7D8A782A158E,0x73000,0xC8000)\EFI\deepin\grubx64.efi'
80:161  0:000        Menu entry added at index 5
80:161  0:000    found entry fedora,linux
80:161  0:000        AddLoaderEntry for Volume Name=EFI, idx=6
80:162  0:000        OSVersion= 
80:162  0:000        linux image not found
80:162  0:000        IconName=linux comma=-1 size=5
80:162  0:000        Full=linux
80:162  0:000        IconName=unknown comma=-1 size=7
80:162  0:000        Full=unknown
80:162  0:000        Loader entry created for 'PciRoot(0x0)\Pci(0x1D,0x0)\Pci(0x0,0x0)\NVMe(0x1,00-00-00-00-00-00-00-00)\HD(2,GPT,0F1DAEB6-1C1A-4914-ACBB-7D8A782A158E,0x73000,0xC8000)\EFI\fedora\grubx64.efi'
80:162  0:000        Menu entry added at index 6
80:162  0:000    found entry gentoo,linux
80:162  0:000        AddLoaderEntry for Volume Name=EFI, idx=7
80:162  0:000        OSVersion= 
80:162  0:000        linux image not found
80:162  0:000        IconName=linux comma=-1 size=5
80:162  0:000        Full=linux
80:162  0:000        IconName=unknown comma=-1 size=7
80:162  0:000        Full=unknown
80:162  0:000        Loader entry created for 'PciRoot(0x0)\Pci(0x1D,0x0)\Pci(0x0,0x0)\NVMe(0x1,00-00-00-00-00-00-00-00)\HD(2,GPT,0F1DAEB6-1C1A-4914-ACBB-7D8A782A158E,0x73000,0xC8000)\EFI\gentoo\grubx64.efi'
80:163  0:000        Menu entry added at index 7
80:163  0:000    found entry grub,linux
80:163  0:000        AddLoaderEntry for Volume Name=EFI, idx=8
80:163  0:000        OSVersion= 
80:163  0:000        linux image not found
80:163  0:000        IconName=linux comma=-1 size=5
80:163  0:000        Full=linux
80:163  0:000        IconName=unknown comma=-1 size=7
80:163  0:000        Full=unknown
80:163  0:000        Loader entry created for 'PciRoot(0x0)\Pci(0x1D,0x0)\Pci(0x0,0x0)\NVMe(0x1,00-00-00-00-00-00-00-00)\HD(2,GPT,0F1DAEB6-1C1A-4914-ACBB-7D8A782A158E,0x73000,0xC8000)\EFI\grub\grubx64.efi'
80:163  0:000        Menu entry added at index 8
80:163  0:000    found entry linux,linux
80:163  0:000        AddLoaderEntry for Volume Name=EFI, idx=9
80:163  0:000        OSVersion= 
80:163  0:000        linux image not found
80:163  0:000        IconName=linux comma=-1 size=5
80:163  0:000        Full=linux
80:163  0:000        IconName=unknown comma=-1 size=7
80:163  0:000        Full=unknown
80:164  0:000        Loader entry created for 'PciRoot(0x0)\Pci(0x1D,0x0)\Pci(0x0,0x0)\NVMe(0x1,00-00-00-00-00-00-00-00)\HD(2,GPT,0F1DAEB6-1C1A-4914-ACBB-7D8A782A158E,0x73000,0xC8000)\EFI\linux\grubx64.efi'
80:164  0:000        Menu entry added at index 9
80:164  0:000    found entry manjaro,linux
80:164  0:000        AddLoaderEntry for Volume Name=EFI, idx=10
80:164  0:000        OSVersion= 
80:164  0:000        linux image not found
80:164  0:000        IconName=linux comma=-1 size=5
80:164  0:000        Full=linux
80:164  0:000        IconName=unknown comma=-1 size=7
80:164  0:000        Full=unknown
80:164  0:000        Loader entry created for 'PciRoot(0x0)\Pci(0x1D,0x0)\Pci(0x0,0x0)\NVMe(0x1,00-00-00-00-00-00-00-00)\HD(2,GPT,0F1DAEB6-1C1A-4914-ACBB-7D8A782A158E,0x73000,0xC8000)\EFI\manjaro\grubx64.efi'
80:165  0:000        Menu entry added at index 10
80:165  0:000    found entry ubuntu,linux
80:165  0:000        AddLoaderEntry for Volume Name=EFI, idx=11
80:165  0:000        OSVersion= 
80:165  0:000        linux image not found
80:165  0:000        IconName=linux comma=-1 size=5
80:165  0:000        Full=linux
80:165  0:000        IconName=unknown comma=-1 size=7
80:165  0:000        Full=unknown
80:165  0:000        Loader entry created for 'PciRoot(0x0)\Pci(0x1D,0x0)\Pci(0x0,0x0)\NVMe(0x1,00-00-00-00-00-00-00-00)\HD(2,GPT,0F1DAEB6-1C1A-4914-ACBB-7D8A782A158E,0x73000,0xC8000)\EFI\ubuntu\grubx64.efi'
80:165  0:000        Menu entry added at index 11
80:165  0:000        AddLoaderEntry for Volume Name=EFI, idx=12
80:165  0:000        OSVersion= 
80:165  0:000        IconName=unknown comma=-1 size=7
80:166  0:000        Full=unknown
80:166  0:000        Loader entry created for 'PciRoot(0x0)\Pci(0x1D,0x0)\Pci(0x0,0x0)\NVMe(0x1,00-00-00-00-00-00-00-00)\HD(2,GPT,0F1DAEB6-1C1A-4914-ACBB-7D8A782A158E,0x73000,0xC8000)\EFI\BOOT\BOOTX64.efi'
80:166  0:000        Menu entry added at index 12
80:166  0:000       hiding entry because DiskKind is DISK_KIND_INTERNAL: \EFI\BOOT\BOOTX64.efi
80:166  0:000  - [10]: 'NTFS'
80:185  0:019  - [11]: 'NTFS'
80:206  0:020  - [12]: 'NTFS'
80:225  0:018  - [16]: 'Preboot'
80:225  0:000      ApfsContainerUUID=A4DDE148-6EC1-403F-BBAB-D4636E4D3CF9
80:225  0:000      ApfsFileSystemUUID=807B2193-CEBD-4818-B2A7-EA6453815C68
80:225  0:000      APFSTargetUUID=0F9133E9-B6DA-46CB-819E-4A78E8332A91
80:226  0:000        AddLoaderEntry for Volume Name=Preboot, idx=13
80:226  0:000        OSVersion=10.15.7 
80:226  0:000        Check if volume Is Hibernated:
80:226  0:000        Check sleep image 'by signature':
80:226  0:000        using default sleep image name = \private\var\vm\sleepimage
80:226  0:000        cannot open sleepimage -> Not Found
80:227  0:000        hibernated: no - sign
80:227  0:000        IconName=cata,mac comma=4 size=8
80:227  0:000        first=os_cata
80:227  0:000        Second=os_mac
80:227  0:000        IconName=unknown comma=-1 size=7
80:227  0:000        Full=unknown
80:227  0:000        Loader entry created for 'PciRoot(0x0)\Pci(0x1B,0x4)\Pci(0x0,0x0)\NVMe(0x1,00-00-00-00-00-00-00-00)\HD(2,GPT,8FF8AD79-B7B6-48AA-A11C-82FDE474A928,0x64028,0xEE711260)\VenMedia(BE74FCF7-0B7C-49F3-9147-01F4042E6842,93217B80BDCE1848B2A7EA6453815C68)\0F9133E9-B6DA-46CB-819E-4A78E8332A91\System\Library\CoreServices\boot.efi'
80:227  0:000        Menu entry added at index 13
80:228  0:000  - [17]: 'mac - 数据'
80:228  0:000      ApfsContainerUUID=A4DDE148-6EC1-403F-BBAB-D4636E4D3CF9
80:228  0:000      ApfsFileSystemUUID=754CA028-BA3A-439E-B226-701A8D259326
80:228  0:000  - [18]: 'Recovery'
80:228  0:000      ApfsContainerUUID=A4DDE148-6EC1-403F-BBAB-D4636E4D3CF9
80:228  0:000      ApfsFileSystemUUID=2419C7DF-965F-4906-A639-BCA76604C798
80:229  0:000      APFSTargetUUID=0F9133E9-B6DA-46CB-819E-4A78E8332A91
80:229  0:000        AddLoaderEntry for Volume Name=Recovery, idx=14
80:230  0:000        OSVersion=10.15.7 
80:230  0:000        IconName=cata,mac comma=4 size=8
80:230  0:000        first=os_cata
80:230  0:000        Second=os_mac
80:230  0:000        IconName=unknown comma=-1 size=7
80:230  0:000        Full=unknown
80:230  0:000        Loader entry created for 'PciRoot(0x0)\Pci(0x1B,0x4)\Pci(0x0,0x0)\NVMe(0x1,00-00-00-00-00-00-00-00)\HD(2,GPT,8FF8AD79-B7B6-48AA-A11C-82FDE474A928,0x64028,0xEE711260)\VenMedia(BE74FCF7-0B7C-49F3-9147-01F4042E6842,DFC719245F960649A639BCA76604C798)\0F9133E9-B6DA-46CB-819E-4A78E8332A91\boot.efi'
80:230  0:000        Menu entry added at index 14
80:230  0:000  - [19]: 'VM'
80:230  0:000      ApfsContainerUUID=A4DDE148-6EC1-403F-BBAB-D4636E4D3CF9
80:230  0:000      ApfsFileSystemUUID=A0302A1D-9026-458E-AD7D-FD1E63A61737
80:231  0:000  - [20]: 'mac'
80:231  0:000      ApfsContainerUUID=A4DDE148-6EC1-403F-BBAB-D4636E4D3CF9
80:231  0:000      ApfsFileSystemUUID=0F9133E9-B6DA-46CB-819E-4A78E8332A91
80:234  0:002        AddLoaderEntry for Volume Name=mac, idx=15
80:234  0:000        OSVersion=10.15.7 
80:234  0:000        Check if volume Is Hibernated:
80:234  0:000        Check sleep image 'by signature':
80:235  0:000        using default sleep image name = \private\var\vm\sleepimage
80:235  0:000        cannot open sleepimage -> Not Found
80:235  0:000        hibernated: no - sign
80:235  0:000        IconName=cata,mac comma=4 size=8
80:235  0:000        first=os_cata
80:235  0:000        Second=os_mac
80:235  0:000        IconName=unknown comma=-1 size=7
80:235  0:000        Full=unknown
80:235  0:000        Loader entry created for 'PciRoot(0x0)\Pci(0x1B,0x4)\Pci(0x0,0x0)\NVMe(0x1,00-00-00-00-00-00-00-00)\HD(2,GPT,8FF8AD79-B7B6-48AA-A11C-82FDE474A928,0x64028,0xEE711260)\VenMedia(BE74FCF7-0B7C-49F3-9147-01F4042E6842,E933910FDAB6CB46819E4A78E8332A91)\System\Library\CoreServices\boot.efi'
80:235  0:000        Menu entry added at index 15
80:236  0:000  Entries list before ordering
80:236  0:000      Entry 0 : Boot UEFI internal from EFI (hidden)
80:236  0:000      Entry 1 : Boot Microsoft EFI Boot from EFI
80:236  0:000      Entry 2 : Boot Arch Linux from EFI
80:236  0:000      Entry 3 : Boot Centos Linux from EFI
80:236  0:000      Entry 4 : Boot Debian Linux from EFI
80:236  0:000      Entry 5 : Boot Deepin Linux from EFI
80:236  0:000      Entry 6 : Boot Fedora Linux from EFI
80:236  0:000      Entry 7 : Boot Gentoo Linux from EFI
80:236  0:000      Entry 8 : Boot Grub Linux from EFI
80:236  0:000      Entry 9 : Boot Linux Linux from EFI
80:236  0:000      Entry 10 : Boot Manjaro Linux from EFI
80:236  0:000      Entry 11 : Boot Ubuntu Linux from EFI
80:236  0:000      Entry 12 : Boot UEFI internal from EFI (hidden)
80:236  0:000      Entry 13 : Boot Mac OS from mac via Preboot
80:236  0:000      Entry 14 : Boot Mac OS Recovery for mac via Recovery
80:236  0:000      Entry 15 : Boot macOS from mac
80:236  0:000  Hiding entry 13 because of entry 15
80:236  0:000  Move preboot entry 13 before system 15
80:236  0:000  Move recovery entry 14 after system 15
80:236  0:000  Entries list after ordering
80:236  0:000    Entry 0 : Boot UEFI internal from EFI (hidden)
80:236  0:000    Entry 1 : Boot Microsoft EFI Boot from EFI
80:236  0:000    Entry 2 : Boot Arch Linux from EFI
80:236  0:000    Entry 3 : Boot Centos Linux from EFI
80:236  0:000    Entry 4 : Boot Debian Linux from EFI
80:236  0:000    Entry 5 : Boot Deepin Linux from EFI
80:236  0:000    Entry 6 : Boot Fedora Linux from EFI
80:236  0:000    Entry 7 : Boot Gentoo Linux from EFI
80:236  0:000    Entry 8 : Boot Grub Linux from EFI
80:236  0:000    Entry 9 : Boot Linux Linux from EFI
80:236  0:000    Entry 10 : Boot Manjaro Linux from EFI
80:236  0:000    Entry 11 : Boot Ubuntu Linux from EFI
80:236  0:000    Entry 12 : Boot UEFI internal from EFI (hidden)
80:236  0:000    Entry 13 : Boot Mac OS from mac via Preboot (hidden)
80:236  0:000    Entry 14 : Boot macOS from mac
80:236  0:000    Entry 15 : Boot Mac OS Recovery for mac via Recovery
80:236  0:000  Scanning legacy ...
80:236  0:000      AddLegacyEntry:
80:236  0:000        FullTitle=
80:236  0:000        LoaderTitle=
80:236  0:000        Volume->LegacyOS->Name=Windows
80:236  0:000        Entry->Title=Boot Windows from NTFS
80:236  0:000        IconName=vista,win comma=5 size=9
80:236  0:000        first=os_vista
80:236  0:000        Second=os_win
80:236  0:000        IconName=unknown comma=-1 size=7
80:236  0:000        Full=unknown
80:236  0:000      AddLegacyEntry:
80:236  0:000        FullTitle=
80:236  0:000        LoaderTitle=
80:236  0:000        Volume->LegacyOS->Name=Windows
80:236  0:000        Entry->Title=Boot Windows from NTFS
80:236  0:000        IconName=vista,win comma=5 size=9
80:236  0:000        first=os_vista
80:236  0:000        Second=os_win
80:236  0:000        IconName=unknown comma=-1 size=7
80:236  0:000        Full=unknown
80:236  0:000      AddLegacyEntry:
80:236  0:000        FullTitle=
80:236  0:000        LoaderTitle=
80:236  0:000        Volume->LegacyOS->Name=Windows
80:236  0:000        Entry->Title=Boot Windows from EFI
80:236  0:000        IconName=vista,win comma=5 size=9
80:236  0:000        first=os_vista
80:236  0:000        Second=os_win
80:236  0:000        IconName=unknown comma=-1 size=7
80:236  0:000        Full=unknown
80:236  0:000      AddLegacyEntry:
80:236  0:000        FullTitle=
80:236  0:000        LoaderTitle=
80:236  0:000        Volume->LegacyOS->Name=Windows
80:236  0:000        Entry->Title=Boot Windows from NTFS
80:236  0:000        IconName=vista,win comma=5 size=9
80:236  0:000        first=os_vista
80:236  0:000        Second=os_win
80:236  0:000        IconName=unknown comma=-1 size=7
80:236  0:000        Full=unknown
80:237  0:000      AddLegacyEntry:
80:237  0:000        FullTitle=
80:237  0:000        LoaderTitle=
80:237  0:000        Volume->LegacyOS->Name=Windows
80:237  0:000        Entry->Title=Boot Windows from NTFS
80:237  0:000        IconName=vista,win comma=5 size=9
80:237  0:000        first=os_vista
80:237  0:000        Second=os_win
80:237  0:000        IconName=unknown comma=-1 size=7
80:237  0:000        Full=unknown
80:237  0:000      AddLegacyEntry:
80:237  0:000        FullTitle=
80:237  0:000        LoaderTitle=
80:237  0:000        Volume->LegacyOS->Name=Windows
80:237  0:000        Entry->Title=Boot Windows from NTFS
80:237  0:000        IconName=vista,win comma=5 size=9
80:237  0:000        first=os_vista
80:237  0:000        Second=os_win
80:237  0:000        IconName=unknown comma=-1 size=7
80:237  0:000        Full=unknown
80:237  0:000  === [ AddCustomTool ] ===========================
80:237  0:000  Checking EFI partition Volume 4 for Clover
80:237  0:000   Found Clover
80:238  0:000  === [ GetEfiBootDeviceFromNvram ] ===============
80:238  0:000  === [ FindStartupDiskVolume ] ===================
80:238  0:000    - Volume: partition = PciRoot(0x0)\Pci(0x1D,0x0)\Pci(0x0,0x0)\NVMe(0x1,00-00-00-00-00-00-00-00)\HD(2,GPT,0F1DAEB6-1C1A-4914-ACBB-7D8A782A158E,0x73000,0xC8000)
80:238  0:000     - searching for that partition and loader '\EFI\microsoft\Boot\bootmgfw.efi'
80:238  0:000    checking 'PciRoot(0x0)/Pci(0x1D,0x0)/Pci(0x0,0x0)/NVMe(0x1,00-00-00-00-00-00-00-00)/HD(2,GPT,0F1DAEB6-1C1A-4914-ACBB-7D8A782A158E,0x73000,0xC8000)'
80:238  0:000     '\EFI\microsoft\Boot\bootmgfw.efi'
80:238  0:000      - found entry 0. 'Boot Microsoft EFI Boot from EFI', Volume 'EFI', '\EFI\microsoft\Boot\bootmgfw.efi'
80:238  0:000  Boot redirected to Entry 0. 'Boot Microsoft EFI Boot from EFI'
80:238  0:000  BannerPlace at Clear Screen [1856,764]
104:488  24:249  BootVariable of the entry is empty
104:488  0:000  === [ StartLoader ] =============================
104:488  0:000  Starting PciRoot(0x0)\Pci(0x1B,0x4)\Pci(0x0,0x0)\NVMe(0x1,00-00-00-00-00-00-00-00)\HD(2,GPT,8FF8AD79-B7B6-48AA-A11C-82FDE474A928,0x64028,0xEE711260)\VenMedia(BE74FCF7-0B7C-49F3-9147-01F4042E6842,E933910FDAB6CB46819E4A78E8332A91)\System\Library\CoreServices\boot.efi
104:488  0:000  Finally: ExternalClock=25MHz BusSpeed=99724kHz CPUFreq=2593MHz PIS: hw.busfrequency=100000000Hz
104:488  0:000  Beginning OC
104:488  0:000  OCST: Missing vault data, ignoring...
104:488  0:000  config-oc.plist isn't used at all
104:488  0:000  Bridge mmioWhiteList[0] to OC : comment=Haswell: SB_RCBA is a 0x4 page memory region, containing SPI_BASE at 0x3800 (SPI_BASE_ADDRESS)
104:488  0:000  Bridge mmioWhiteList[1] to OC : comment=Generic: PCI root is a 0x1000 page memory region used by some firmwares
104:488  0:000  AddKextsInArray from Other
104:488  0:000  ->Extra kext: Other\VoodooHDA.kext (v.2.9.9)
104:488  0:000  ->Extra kext: Other\IntelBluetoothFirmware.kext (v.2.2.0)
104:488  0:000  ->Extra kext: Other\IntelBluetoothInjector.kext (v.2.2.0)
104:488  0:000  ->Extra kext: Other\itlwm.kext (v.2.1.0)
104:488  0:000  ->Extra kext: Other\Lilu.kext (v.1.6.2)
104:488  0:000  ->Extra kext: Other\NoTouchID.kext (v.1.0.4)
104:488  0:000  ->Extra kext: Other\NVMeFix.kext (v.1.1.0)
104:488  0:000  ->Extra kext: Other\RealtekRTL8111.kext (v.2.4.2)
104:488  0:000  ->Extra kext: Other\RtWlanU.kext (v.1830.32.b13)
104:488  0:000  ->Extra kext: Other\RtWlanU1827.kext (v.1827.4.b36)
104:488  0:000  ->Extra kext: Other\SMCBatteryManager.kext (v.1.3.0)
104:488  0:000  ->Extra kext: Other\SMCLightSensor.kext (v.1.3.0)
104:488  0:000  ->Extra kext: Other\SMCProcessor.kext (v.1.3.0)
104:488  0:000  ->Extra kext: Other\SMCSuperIO.kext (v.1.3.0)
104:488  0:000  ->Extra kext: Other\USBInjectAll.kext (v.0.7.6)
104:488  0:000  ->Extra kext: Other\VirtualSMC.kext (v.1.3.0)
104:488  0:000  ->Extra kext: Other\VoodooPS2Controller.kext (v.2.2.9)
104:488  0:000      |-- PlugIn kext: Other\VoodooPS2Controller.kext\Contents\PlugIns\VoodooPS2Trackpad.kext (v.2.2.9)
104:488  0:000      |-- PlugIn kext: Other\VoodooPS2Controller.kext\Contents\PlugIns\VoodooPS2Keyboard.kext (v.2.2.9)
104:488  0:000      |-- PlugIn kext: Other\VoodooPS2Controller.kext\Contents\PlugIns\VoodooPS2Mouse.kext (v.2.2.9)
104:488  0:000      |-- PlugIn kext: Other\VoodooPS2Controller.kext\Contents\PlugIns\VoodooInput.kext (v.1.1.3)
104:488  0:000  ->Extra kext: Other\WhateverGreen.kext (v.1.6.1)
104:488  0:000  ->Extra kext: Other\XHCI-300-series-injector.kext (v.0.5.0)
104:488  0:000  GetOtherKextsDir(false) return NULL
104:488  0:000  AddKextsInArray from 10
104:488  0:000  AddKextsInArray from 10_normal
104:488  0:000  AddKextsInArray from 10.15
104:488  0:000  AddKextsInArray from 10.15_normal
104:488  0:000  AddKextsInArray from 10.15.7
104:488  0:000  AddKextsInArray from 10.15.7_normal
104:488  0:000  Bridge kext to OC : Path=Lilu.kext
104:488  0:000  info plist path: Kexts\Other\Lilu.kext\Contents\Info.plist
104:489  0:000  InfoPlistPath=Kexts\Other\Lilu.kext\Contents\Info.plist
104:490  0:001  assign executable as 'Contents\MacOS\Lilu'
104:490  0:000  Bridge kext to OC : Path=VirtualSMC.kext
104:490  0:000  info plist path: Kexts\Other\VirtualSMC.kext\Contents\Info.plist
104:490  0:000  InfoPlistPath=Kexts\Other\VirtualSMC.kext\Contents\Info.plist
104:493  0:002  assign executable as 'Contents\MacOS\VirtualSMC'
104:493  0:000  Bridge kext to OC : Path=WhateverGreen.kext
104:493  0:000  info plist path: Kexts\Other\WhateverGreen.kext\Contents\Info.plist
104:493  0:000  InfoPlistPath=Kexts\Other\WhateverGreen.kext\Contents\Info.plist
104:494  0:000  assign executable as 'Contents\MacOS\WhateverGreen'
104:494  0:000  Bridge kext to OC : Path=SMCProcessor.kext
104:494  0:000  info plist path: Kexts\Other\SMCProcessor.kext\Contents\Info.plist
104:494  0:000  InfoPlistPath=Kexts\Other\SMCProcessor.kext\Contents\Info.plist
104:496  0:001  assign executable as 'Contents\MacOS\SMCProcessor'
104:496  0:000  Bridge kext to OC : Path=SMCSuperIO.kext
104:496  0:000  info plist path: Kexts\Other\SMCSuperIO.kext\Contents\Info.plist
104:496  0:000  InfoPlistPath=Kexts\Other\SMCSuperIO.kext\Contents\Info.plist
104:497  0:000  assign executable as 'Contents\MacOS\SMCSuperIO'
104:497  0:000  Bridge kext to OC : Path=VoodooHDA.kext
104:497  0:000  info plist path: Kexts\Other\VoodooHDA.kext\Contents\Info.plist
104:497  0:000  InfoPlistPath=Kexts\Other\VoodooHDA.kext\Contents\Info.plist
104:498  0:001  assign executable as 'Contents\MacOS\VoodooHDA'
104:498  0:000  Bridge kext to OC : Path=IntelBluetoothFirmware.kext
104:498  0:000  info plist path: Kexts\Other\IntelBluetoothFirmware.kext\Contents\Info.plist
104:499  0:000  InfoPlistPath=Kexts\Other\IntelBluetoothFirmware.kext\Contents\Info.plist
104:500  0:001  assign executable as 'Contents\MacOS\IntelBluetoothFirmware'
104:500  0:000  Bridge kext to OC : Path=IntelBluetoothInjector.kext
104:500  0:000  info plist path: Kexts\Other\IntelBluetoothInjector.kext\Contents\Info.plist
104:500  0:000  InfoPlistPath=Kexts\Other\IntelBluetoothInjector.kext\Contents\Info.plist
104:502  0:001  Bridge kext to OC : Path=itlwm.kext
104:502  0:000  info plist path: Kexts\Other\itlwm.kext\Contents\Info.plist
104:502  0:000  InfoPlistPath=Kexts\Other\itlwm.kext\Contents\Info.plist
104:503  0:001  assign executable as 'Contents\MacOS\itlwm'
104:503  0:000  Bridge kext to OC : Path=NoTouchID.kext
104:503  0:000  info plist path: Kexts\Other\NoTouchID.kext\Contents\Info.plist
104:504  0:000  InfoPlistPath=Kexts\Other\NoTouchID.kext\Contents\Info.plist
104:504  0:000  assign executable as 'Contents\MacOS\NoTouchID'
104:504  0:000  Bridge kext to OC : Path=NVMeFix.kext
104:504  0:000  info plist path: Kexts\Other\NVMeFix.kext\Contents\Info.plist
104:505  0:000  InfoPlistPath=Kexts\Other\NVMeFix.kext\Contents\Info.plist
104:505  0:000  assign executable as 'Contents\MacOS\NVMeFix'
104:505  0:000  Bridge kext to OC : Path=RealtekRTL8111.kext
104:505  0:000  info plist path: Kexts\Other\RealtekRTL8111.kext\Contents\Info.plist
104:506  0:000  InfoPlistPath=Kexts\Other\RealtekRTL8111.kext\Contents\Info.plist
104:507  0:001  assign executable as 'Contents\MacOS\RealtekRTL8111'
104:507  0:000  Bridge kext to OC : Path=RtWlanU.kext
104:507  0:000  info plist path: Kexts\Other\RtWlanU.kext\Contents\Info.plist
104:508  0:000  InfoPlistPath=Kexts\Other\RtWlanU.kext\Contents\Info.plist
104:519  0:011  assign executable as 'Contents\MacOS\RtWlanU'
104:519  0:000  Bridge kext to OC : Path=RtWlanU1827.kext
104:519  0:000  info plist path: Kexts\Other\RtWlanU1827.kext\Contents\Info.plist
104:520  0:000  InfoPlistPath=Kexts\Other\RtWlanU1827.kext\Contents\Info.plist
104:523  0:002  assign executable as 'Contents\MacOS\RtWlanU1827'
104:523  0:000  Bridge kext to OC : Path=SMCBatteryManager.kext
104:523  0:000  info plist path: Kexts\Other\SMCBatteryManager.kext\Contents\Info.plist
104:523  0:000  InfoPlistPath=Kexts\Other\SMCBatteryManager.kext\Contents\Info.plist
104:524  0:000  assign executable as 'Contents\MacOS\SMCBatteryManager'
104:524  0:000  Bridge kext to OC : Path=SMCLightSensor.kext
104:524  0:000  info plist path: Kexts\Other\SMCLightSensor.kext\Contents\Info.plist
104:524  0:000  InfoPlistPath=Kexts\Other\SMCLightSensor.kext\Contents\Info.plist
104:524  0:000  assign executable as 'Contents\MacOS\SMCLightSensor'
104:524  0:000  Bridge kext to OC : Path=USBInjectAll.kext
104:524  0:000  info plist path: Kexts\Other\USBInjectAll.kext\Contents\Info.plist
104:525  0:000  InfoPlistPath=Kexts\Other\USBInjectAll.kext\Contents\Info.plist
104:532  0:007  assign executable as 'Contents\MacOS\USBInjectAll'
104:532  0:000  Bridge kext to OC : Path=VoodooPS2Controller.kext
104:532  0:000  info plist path: Kexts\Other\VoodooPS2Controller.kext\Contents\Info.plist
104:532  0:000  InfoPlistPath=Kexts\Other\VoodooPS2Controller.kext\Contents\Info.plist
104:533  0:000  assign executable as 'Contents\MacOS\VoodooPS2Controller'
104:533  0:000  Bridge kext to OC : Path=VoodooPS2Trackpad.kext
104:533  0:000  info plist path: Kexts\Other\VoodooPS2Controller.kext\Contents\PlugIns\VoodooPS2Trackpad.kext\Contents\Info.plist
104:533  0:000  InfoPlistPath=Kexts\Other\VoodooPS2Controller.kext\Contents\PlugIns\VoodooPS2Trackpad.kext\Contents\Info.plist
104:534  0:000  assign executable as 'Contents\MacOS\VoodooPS2Trackpad'
104:534  0:000  Bridge kext to OC : Path=VoodooPS2Keyboard.kext
104:534  0:000  info plist path: Kexts\Other\VoodooPS2Controller.kext\Contents\PlugIns\VoodooPS2Keyboard.kext\Contents\Info.plist
104:534  0:000  InfoPlistPath=Kexts\Other\VoodooPS2Controller.kext\Contents\PlugIns\VoodooPS2Keyboard.kext\Contents\Info.plist
104:535  0:000  assign executable as 'Contents\MacOS\VoodooPS2Keyboard'
104:535  0:000  Bridge kext to OC : Path=VoodooPS2Mouse.kext
104:535  0:000  info plist path: Kexts\Other\VoodooPS2Controller.kext\Contents\PlugIns\VoodooPS2Mouse.kext\Contents\Info.plist
104:535  0:000  InfoPlistPath=Kexts\Other\VoodooPS2Controller.kext\Contents\PlugIns\VoodooPS2Mouse.kext\Contents\Info.plist
104:536  0:000  assign executable as 'Contents\MacOS\VoodooPS2Mouse'
104:536  0:000  Bridge kext to OC : Path=VoodooInput.kext
104:536  0:000  info plist path: Kexts\Other\VoodooPS2Controller.kext\Contents\PlugIns\VoodooInput.kext\Contents\Info.plist
104:536  0:000  InfoPlistPath=Kexts\Other\VoodooPS2Controller.kext\Contents\PlugIns\VoodooInput.kext\Contents\Info.plist
104:536  0:000  assign executable as 'Contents\MacOS\VoodooInput'
104:536  0:000  Bridge kext to OC : Path=XHCI-300-series-injector.kext
104:536  0:000  info plist path: Kexts\Other\XHCI-300-series-injector.kext\Contents\Info.plist
104:537  0:000  InfoPlistPath=Kexts\Other\XHCI-300-series-injector.kext\Contents\Info.plist
104:539  0:002  Start 'OpenRuntime.efi' : Status Success
104:539  0:000  OC: OcMiscEarlyInit...
104:539  0:000  OC: OpenCore DBG-082-2022-08-18 is loading in Optional mode (0/0)...
104:539  0:000  OC: OcMiscMiddleInit...
104:539  0:000  OC: StorageHandle 0 with  LauncherOption pointing to 
104:539  0:000  OC: OcLoadUefiSupport...
104:539  0:000  OCAU: OcAudioInstallProtocols (0, 0)
104:540  0:000  OCRTC: OcAppleRtcRamInstallProtocol
104:540  0:000  OCRTC: Wake log is 0x00 0x00   0 0x00
104:540  0:000  OcAppleFbInfoInstallProtocol
104:540  0:000  OcAppleEg2InfoInstallProtocol
104:540  0:000  OC: Loading Apple Secure Boot with Disabled (level 0)
104:540  0:000  OCABC: ALRBL 0 RTDFRG 1 DEVMMIO 0 NOSU 0 NOVRWR 0 NOSB 0 FBSIG 0 NOHBMAP 0 SMSLIDE 0 WRUNPROT 1
104:540  0:000  OCABC: FEXITBS 0 PRMRG 0 CSLIDE 0 MSLIDE 0 PRSRV 0 RBMAP 0 VMAP 1 APPLOS 0 RTPERMS 1 ARBAR -1
104:540  0:000  OCABC: Got rendezvous with OpenRuntime r12
104:540  0:000  OCABC: MAT support is 1
104:540  0:000  OC: RequestBootVarRouting 0
104:540  0:000  OC: Increasing GPU BARs to 0
104:540  0:000  OCDM: Setting RBAR to 0 inc 1 on 3/28
104:540  0:000  OCDM: Found CAP 0x15 at 0xBB0
104:540  0:000  OCDM: RBAR control is 460, total 3 - Success
104:540  0:000  OCDM: Old BAR 83000000 7000000C 00000000 8000000C 00000000 00004001 - Success
104:540  0:000  OCDM: RBAR 1/3 supports 0x10, sizing 0 inc 1 results setting from 4 to 4
104:540  0:000  OCDM: RBAR 2/3 supports 0x1C0, sizing 0 inc 1 results setting from 8 to 6
104:540  0:000  OCDM: RBAR 3/3 supports 0x20, sizing 0 inc 1 results setting from 5 to 5
104:540  0:000  OCDM: Reprogrammed BARs to original - Success
104:540  0:000  OCDM: Setting RBAR to 0 inc 1 on 7/28
104:540  0:000  OCDM: RBAR is unsupported by device - Not Found
104:540  0:000  OC: Got 0 drivers
104:540  0:000  OCC: GOP exists on ConsoleOutHandle and has 7 modes
104:540  0:000  OC: Requested resolution is 0x0@0 (max: 0, force: 0) from 
104:540  0:000  OC: Selected UIScale 2 based on 3840x2160 resolution
104:540  0:000  OC: Setting UIScale to 2 - Invalid Parameter
104:540  0:000  OCC: Using builtin text renderer with 2 scale
104:904  0:363  OCC: Install console control (43E54580/0/0), current - Success
104:904  0:000  OCC: Setup ASCII Output - Success
104:904  0:000  OC: Requested console mode is 0x0 (max: 0) from 
104:904  0:000  OC: Requested not to use audio
104:904  0:000  OC: OcLoadAcpiSupport...
104:904  0:000  OC: OcLoadAcpiSupport : nothing to do
104:904  0:000  OC: OcMiscLateInit...
104:904  0:000  OC: Invalid HibernateMode: 
104:904  0:000  OC: Translated HibernateMode  to 0
104:904  0:000  OC: Hibernation activation - Invalid Parameter, hibernation wake - no
104:904  0:000  OC: OcLoadKernelSupport...
104:904  0:000  OC: All green, starting boot management...
104:904  0:000  OCABC: IsEfiBootRt 0 (BP 1, Apple 0)
104:929  0:025  OCB: Arch filtering 475F5018(621112)->475F5018(621112) caps 4 - Success
104:930  0:000  ImageHandle = 4912a298
104:930  0:000  GetOSVersion: 10.15.7 (19H2026)
104:930  0:000  Filtering KextPatches:
104:930  0:000   - [00]: VoodooHDA (NoLabel) :: BinPatch :: [OS: 10.15.7 | MatchOS: All | MatchBuild: All] ==> disabled by user
104:930  0:000   - [01]: AppleAHCIPort (Make all drives to be internal) :: BinPatch :: [OS: 10.15.7 | MatchOS: All | MatchBuild: All] ==> disabled by user
104:930  0:000   - [02]: IOAHCIBlockStorage (TRIM function for non-Apple SSDs) :: BinPatch :: [OS: 10.15.7 | MatchOS: All | MatchBuild: All] ==> disabled by user
104:930  0:000   - [03]: AMD6000Controller (ATI Connector patch new way) :: BinPatch :: [OS: 10.15.7 | MatchOS: 10.9,10.10,10.11 | MatchBuild: All] ==> disabled by user
104:930  0:000   - [04]: AMD6000Controller (ATI name HD xxxx -> HD6450) :: BinPatch :: [OS: 10.15.7 | MatchOS: 10.12,10.13 | MatchBuild: All] ==> disabled by user
104:930  0:000   - [05]: com.apple.kext.AMDSupport (Violet strips) :: BinPatch :: [OS: 10.15.7 | MatchOS: All | MatchBuild: All] ==> disabled by user
104:930  0:000  Filtering KernelPatches:
104:930  0:000   - [00]: Disable panic kext logging on 10.14 Release kernel :: [OS: 10.15.7 | MatchOS: 10.14 | MatchBuild: All] ==> disabled by user
104:930  0:000   - [01]: Disable panic kext logging on 10.13 Release kernel :: [OS: 10.15.7 | MatchOS: 10.13 | MatchBuild: All] ==> disabled by user
104:930  0:000   - [02]: Lapic panic patch example :: [OS: 10.15.7 | MatchOS: All | MatchBuild: All] ==> disabled by user
104:930  0:000   - [03]: Monterey RDRAND instruction #1 :: [OS: 10.15.7 | MatchOS: 12.x | MatchBuild: All] ==> disabled by user
104:930  0:000   - [04]: Monterey RDRAND instruction #2 :: [OS: 10.15.7 | MatchOS: 12.x | MatchBuild: All] ==> disabled by user
104:930  0:000   - [05]: Monterey RDRAND instruction #3 :: [OS: 10.15.7 | MatchOS: 12.x | MatchBuild: All]
104:930  0:000   check MatchOS 12.x
104:930  0:000   ==> not allowed by OS
104:930  0:000  Filtering BootPatches:
104:930  0:000   - [00]: Example :: [OS: 10.15.7 | MatchOS: All | MatchBuild: All] ==> disabled by user
104:930  0:000  Patch[0]: Example
104:930  0:000  ==> disabled
104:930  0:000  Will not patch boot.efi
104:930  0:000  === [ PatchSmbios ] =============================
104:930  0:000  UpdateSmbiosString : BiosVersion=EfiVersion=715.0.57.0.0
104:930  0:000  UpdateSmbiosString : ReleaseDate=07/05/2021
104:930  0:000  void PatchTableType1(const SmbiosInjectedSettings&) : UpdateSmbiosString ProductName=MacBookPro15,1
104:930  0:000  void PatchTableType2(const SmbiosInjectedSettings&) : UpdateSmbiosString ProductName=BoardNumber=Mac-937A206F2EE63C01
104:930  0:000  void PatchTableType2(const SmbiosInjectedSettings&) : UpdateSmbiosString Version=BoardVersion=MacBookPro15,1
104:930  0:000  insert table 9 for dev 0:0
104:930  0:000  insert table 9 for dev 0:1
104:930  0:000  insert table 9 for dev 0:0
104:930  0:000  insert table 9 for dev 14:3
104:930  0:000  Table 11 present, but rewritten for us
104:932  0:001  Do not inject memory table
104:932  0:000  Trusting SMBIOS...
104:932  0:000  Detected alternating SMBIOS channel banks
104:932  0:000  Channels: 2
104:932  0:000  Interleave: 0 2
104:932  0:000  trusted SMBIOS data, table index 0:
104:932  0:000    gRAM.SMBIOS[0]->ModuleSize = 32768
104:932  0:000    gRAM.SMBIOS[0]->Type = 0
104:932  0:000    gRAM.SMBIOS[0]->Frequency = 2667
104:932  0:000    gRAM.SMBIOS[0]->Vendor = Samsung
104:932  0:000    gRAM.SMBIOS[0]->PartNo = M471A4G43MB1-CTD
104:932  0:000    gRAM.SMBIOS[0]->SerialNo = CC6986A4
104:932  0:000  SPD data in use:
104:932  0:000    gRAM.SPD[0]->ModuleSize = 32768
104:932  0:000    gRAM.SPD[0]->Type = 26
104:932  0:000    gRAM.SPD[0]->Frequency = 2666
104:932  0:000    gRAM.SPD[0]->Vendor = Samsung
104:932  0:000    gRAM.SPD[0]->SerialNo = CC6986A4
104:932  0:000    gRAM.SPD[0]->PartNo = M471A4G43MB1-CTD
104:932  0:000    SMBIOS Type 17 Index = 0 => SMBIOSIndex=0 SPDIndex=0:
104:932  0:000  BANK 0 DIMM0 2667MHz 32767MB(Ext:32768MB)
104:932  0:000  trusted SMBIOS data, table index 1:
104:932  0:000    gRAM.SMBIOS[1]->ModuleSize = 32768
104:932  0:000    gRAM.SMBIOS[1]->Type = 0
104:932  0:000    gRAM.SMBIOS[1]->Frequency = 2667
104:932  0:000    gRAM.SMBIOS[1]->Vendor = Samsung
104:932  0:000    gRAM.SMBIOS[1]->PartNo = M471A4G43MB1-CTD
104:932  0:000    gRAM.SMBIOS[1]->SerialNo = CD6986A4
104:932  0:000  SPD data in use:
104:932  0:000    gRAM.SPD[2]->ModuleSize = 32768
104:932  0:000    gRAM.SPD[2]->Type = 26
104:932  0:000    gRAM.SPD[2]->Frequency = 2666
104:932  0:000    gRAM.SPD[2]->Vendor = Samsung
104:932  0:000    gRAM.SPD[2]->SerialNo = CD6986A4
104:932  0:000    gRAM.SPD[2]->PartNo = M471A4G43MB1-CTD
104:932  0:000    SMBIOS Type 17 Index = 1 => SMBIOSIndex=1 SPDIndex=2:
104:932  0:000  BANK 1 DIMM0 2667MHz 32767MB(Ext:32768MB)
104:932  0:000  mTotalSystemMemory = 65536
104:932  0:000  NumberOfMemoryDevices = 2
104:932  0:000  Type20[0]->End = 0x1FFFFFF, Type17[0] = 8000
104:932  0:000  Type20[1]->End = 0x1FFFFFF, Type17[0] = 10000
104:932  0:000  Table 131 is present, CPUType=31
104:932  0:000  Change to: 1005
104:932  0:000  === [ PatchACPI ] ===============================
104:932  0:000  OCABC: AllocPages 1 0x5BBBC000 (1) - Success
104:932  0:000  Xsdt reallocation done
104:932  0:000  OCABC: AllocPages 1 0x5BBBB000 (1) - Success
104:932  0:000  old FADT length=10C
104:932  0:000   SignatureFixup: 0x75591C79 -> 0x0
104:932  0:000  Found OperationRegion(GNVS, SystemMemory, 5BB22018, ...)
104:932  0:000  Found OperationRegion(OGNS, SystemMemory, 5BB22E98, ...)
104:932  0:000  Found OperationRegion(MDBG, SystemMemory, 5BB0A018, ...)
104:932  0:000  Found OperationRegion(CONV, SystemMemory, 5BB8D000, ...)
104:932  0:000  Found OperationRegion(PNVA, SystemMemory, 5BB28018, ...)
104:933  0:000  Found OperationRegion(BNVS, SystemMemory, 5BB21000, ...)
104:933  0:000  Found OperationRegion(RAM_, SystemMemory, FF500100, ...)
104:935  0:001  OCABC: AllocPages 1 0x40AE2000 (56) - Success
104:935  0:000  Apply DsdtFixMask=0x1FE7B1D5
104:935  0:000  === [ FixBiosDsdt ] =============================
104:935  0:000  Patching DSDT:
104:935  0:000   - [Add _SUN property for GIGE]: disabled
104:935  0:000   - [Rename GFX0 to IGPU]: disabled
104:935  0:000   - [Rename HDEF to AZAL]: disabled
104:935  0:000   - [Rename oem _DSM to ZDSM]: pattern 5F44534D, patched at: [ (3654) ]
104:936  0:000   - [Rename HECI to IMEI]: pattern 48454349, patched at: [ (E9AA) ]
104:939  0:003  CMOS reset not will be, patch length is not needed
104:939  0:000  found RTC had IRQNoFlag will move -3 bytes
104:942  0:003  found PIC had IRQNoFlag will move -3 bytes
104:944  0:001  Start HPET Fix
104:948  0:004  Start Display0 Fix
104:948  0:000  Found internal video device 0 @3607
104:948  0:000  Creating Method(_DSM) for 10DE card
104:949  0:001  patch Display #0 of Vendor=0x10DE
104:949  0:000  patch LAN0 in DSDT 
104:958  0:008  Name HDAS present at 0x227, renaming to HDEF
104:958  0:000  Name HDAS present at 0x23D, renaming to HDEF
104:958  0:000  Name HDAS present at 0x253, renaming to HDEF
104:958  0:000  Name HDAS present at 0x5FAD, renaming to HDEF
104:958  0:000  Name HDAS present at 0x6007, renaming to HDEF
104:958  0:000  Name HDAS present at 0x602A, renaming to HDEF
104:958  0:000  Name HDAS present at 0x6094, renaming to HDEF
104:958  0:000  Name HDAS present at 0x613F, renaming to HDEF
104:958  0:000  Name HDAS present at 0x6206, renaming to HDEF
104:966  0:008   deleting device CRT_
104:974  0:007   deleting device DVI_
104:981  0:007   deleting device SPKR
104:988  0:007   deleting device ECP_
104:995  0:007   deleting device LPT_
105:003  0:007   deleting device FDC0
105:010  0:007   deleting device ECP1
105:017  0:007   deleting device LPT1
105:024  0:007   deleting device FDC_
105:038  0:013    indirect name=PNVB
105:038  0:000    indirect name=TNVB
105:039  0:000  Name AC__H present at 0x13120, renaming to ADP1
105:039  0:000  Name AC__H present at 0x13AC2, renaming to ADP1
105:039  0:000  Name AC__H present at 0x13ACB, renaming to ADP1
105:039  0:000  Name AC__H present at 0x13B9D, renaming to ADP1
105:039  0:000  Name AC__H present at 0x13DB8, renaming to ADP1
105:039  0:000  Name AC__H present at 0x13E87, renaming to ADP1
105:039  0:000  Name AC__H present at 0x1469D, renaming to ADP1
105:039  0:000  Name AC__H present at 0x1497F, renaming to ADP1
105:039  0:000  Name AC__H present at 0x15064, renaming to ADP1
105:039  0:000  Name AC__H present at 0x176CF, renaming to ADP1
105:039  0:000  Name AC__H present at 0x17BBF, renaming to ADP1
105:039  0:000  Name AC__H present at 0x17C04, renaming to ADP1
105:039  0:000  Name AC__H present at 0x17C4A, renaming to ADP1
105:039  0:000  Name AC__H present at 0x17C7C, renaming to ADP1
105:039  0:000  Name AC__H present at 0x1BB75, renaming to ADP1
105:039  0:000  Name AC__H present at 0x1C065, renaming to ADP1
105:039  0:000  Name AC__H present at 0x1C0AA, renaming to ADP1
105:039  0:000  Name AC__H present at 0x1C0F0, renaming to ADP1
105:039  0:000  Name AC__H present at 0x1C122, renaming to ADP1
105:039  0:000  Name AC__H present at 0x1DD64, renaming to ADP1
105:039  0:000  Name AC__H present at 0x1DD77, renaming to ADP1
105:039  0:000  Name AC__H present at 0x1DD8E, renaming to ADP1
105:039  0:000  Name AC__H present at 0x1DE1A, renaming to ADP1
105:039  0:000  Name AC__H present at 0x1DE53, renaming to ADP1
105:039  0:000  Name AC__H present at 0x1DE5F, renaming to ADP1
105:039  0:000  Name AC__H present at 0x20ED5, renaming to ADP1
105:039  0:000  Name AC__H present at 0x20F13, renaming to ADP1
105:043  0:003  Name _OSI present at 0x12288, renaming to OOSI
105:043  0:000  Name _OSI present at 0x1228F, renaming to OOSI
105:043  0:000  Name _OSI present at 0x122A4, renaming to OOSI
105:043  0:000  Name _OSI present at 0x122C0, renaming to OOSI
105:043  0:000  Name _OSI present at 0x122E0, renaming to OOSI
105:043  0:000  Name _OSI present at 0x12300, renaming to OOSI
105:043  0:000  Name _OSI present at 0x1231E, renaming to OOSI
105:043  0:000  Name _OSI present at 0x1233A, renaming to OOSI
105:043  0:000  Name _OSI present at 0x12356, renaming to OOSI
105:043  0:000  Name _OSI present at 0x12372, renaming to OOSI
105:043  0:000  Name _OSI present at 0x1238E, renaming to OOSI
105:043  0:000  Name _OSI present at 0x1ECE4, renaming to OOSI
105:044  0:001  PreCleanup XSDT: count=20, length=196
105:044  0:000  PreCleanup XSDT, corrected XSDT: count=20, length=196
105:044  0:000  === [ ACPIDropTables ] ==========================
105:044  0:000  Drop tables from XSDT, SIGN=BGRT TableID=H2O BIOS Length=56
105:044  0:000   Table[19]: BGRT  H2O BIOS  56 dropped
105:044  0:000  OCABC: AllocPages 1 0x5BBB9000 (2) - Success
105:044  0:000  OCABC: AllocPages 1 0x5BBB8000 (3) - Success
105:044  0:000  Patching SSDTs: 5 patches each
105:044  0:000   pattern 5F44534D, bin not found / already patched!
105:044  0:000   pattern 48454349, bin not found / already patched!
105:044  0:000  Found OperationRegion(PNVS, SystemMemory, 5BDD0000, ...)
105:044  0:000  OCABC: AllocPages 1 0x5BBB3000 (5) - Success
105:044  0:000  Patching SSDTs: 5 patches each
105:044  0:000   pattern 5F44534D, patched at: [ (3035) ]
105:044  0:000   pattern 48454349, bin not found / already patched!
105:045  0:000  Found OperationRegion(SANV, SystemMemory, 5BB28418, ...)
105:045  0:000  OCABC: AllocPages 1 0x5BBB0000 (3) - Success
105:045  0:000  Patching SSDTs: 5 patches each
105:045  0:000   pattern 5F44534D, patched at: [ (4D6) ]
105:045  0:000   pattern 48454349, bin not found / already patched!
105:045  0:000  OCABC: AllocPages 1 0x5BBAE000 (2) - Success
105:045  0:000  OCABC: AllocPages 1 0x5BBAE000 (2) - Success
105:045  0:000  OCABC: AllocPages 1 0x5BBAE000 (2) - Success
105:045  0:000  OCABC: AllocPages 1 0x5BBAE000 (2) - Success
105:045  0:000  OCABC: AllocPages 1 0x5BBAD000 (3) - Success
105:045  0:000  Patching SSDTs: 5 patches each
105:045  0:000   pattern 5F44534D, bin not found / already patched!
105:045  0:000   pattern 48454349, bin not found / already patched!
105:045  0:000  OCABC: AllocPages 1 0x5BBAB000 (2) - Success
105:045  0:000  OCABC: AllocPages 1 0x5BBAB000 (2) - Success
105:045  0:000  OCABC: AllocPages 1 0x5BBAB000 (2) - Success
105:045  0:000  Patching SSDTs: 5 patches each
105:045  0:000   pattern 5F44534D, bin not found / already patched!
105:045  0:000   pattern 48454349, bin not found / already patched!
105:045  0:000  OCABC: AllocPages 1 0x5BBA9000 (2) - Success
105:045  0:000  OCABC: AllocPages 1 0x5BBA9000 (2) - Success
105:045  0:000  OCABC: AllocPages 1 0x5BBA9000 (2) - Success
105:045  0:000  OCABC: AllocPages 1 0x5BBA9000 (2) - Success
105:045  0:000  OCABC: AllocPages 1 0x5BBA4000 (5) - Success
105:045  0:000  Patching SSDTs: 5 patches each
105:045  0:000   pattern 5F44534D, patched at: [ (463) ]
105:045  0:000   pattern 48454349, bin not found / already patched!
105:045  0:000  Found OperationRegion(VBOR, SystemMemory, 5BAC9018, ...)
105:045  0:000  Found OperationRegion(SGOP, SystemMemory, 5B49C018, ...)
105:045  0:000  Found OperationRegion(NVGS, SystemMemory, 5BB28698, ...)
105:045  0:000  Found OperationRegion(NOPR, SystemMemory, 5BAC6018, ...)
105:045  0:000  OCABC: AllocPages 1 0x5BBA2000 (2) - Success
105:045  0:000  === [ ACPIPatchedAML ] ==========================
105:045  0:000  Unsorted
105:045  0:000  Inserting SSDT-Disable-DGPU.aml from \EFI\CLOVER\ACPI\patched: size=1411 OCABC: AllocPages 1 0x5BBA3000 (1) - Success
... Success
105:046  0:000  ApicCPUNum=12
105:046  0:000  Maximum control=0x1A
105:046  0:000  Turbo control=0x2D
105:046  0:000  P-States: min 0x8, max 0x2D
105:046  0:000  SSDT with CPU P-States and plugin-type generated successfully
105:046  0:000  OCABC: AllocPages 1 0x5BBA2000 (1) - Success
105:046  0:000  SSDT with CPU C-States generated successfully
105:046  0:000  OCABC: AllocPages 1 0x5BBA1000 (1) - Success
105:046  0:000  Cleanup XSDT: count=23, length=220
105:046  0:000  corrected XSDT count=22, length=212
105:046  0:000  === [ RestSetup macOS ] =========================
105:046  0:000  EdidDiscovered size=256
105:046  0:000  --- Discovered EDID Table size:256
105:046  0:000  000  |  00  FF  FF  FF  FF  FF  FF  00  4C  83
105:046  0:000  010  |  29  A0  00  00  00  00  08  1D  01  04
105:046  0:000  020  |  B5  22  13  78  02  44  81  AF  50  3E
105:046  0:000  030  |  B5  23  0E  50  54  00  00  00  01  01
105:046  0:000  040  |  01  01  01  01  01  01  01  01  01  01
105:046  0:000  050  |  01  01  01  01  FD  DF  00  30  F2  70
105:046  0:000  060  |  0C  80  30  20  44  00  58  C2  10  00
105:046  0:000  070  |  00  1B  FD  DF  00  30  F2  70  0C  80
105:046  0:000  080  |  30  20  44  00  58  C2  10  00  00  1B
105:046  0:000  090  |  00  00  00  0F  00  FF  09  3C  FF  09
105:046  0:000  100  |  3C  2C  80  00  00  00  00  00  00  00
105:046  0:000  110  |  00  10  00  00  00  00  00  00  00  00
105:046  0:000  120  |  00  00  00  00  00  00  01  4A  02  03
105:046  0:000  130  |  0F  00  E3  05  80  00  E6  06  05  01
105:046  0:000  140  |  73  6D  D0  00  00  00  00  00  00  00
105:046  0:000  150  |  00  00  00  00  00  00  00  00  00  00
105:046  0:000  160  |  00  00  00  00  00  00  00  00  00  00
105:046  0:000  170  |  00  00  00  00  00  00  00  00  00  00
105:046  0:000  180  |  00  00  00  00  00  00  00  00  00  00
105:046  0:000  190  |  00  00  00  00  00  00  00  00  00  00
105:046  0:000  200  |  00  00  00  00  00  00  00  00  00  00
105:046  0:000  210  |  00  00  00  00  00  00  00  00  00  00
105:046  0:000  220  |  00  00  00  00  00  00  00  00  00  00
105:046  0:000  230  |  00  00  00  00  00  00  00  00  00  00
105:046  0:000  240  |  00  00  00  00  00  00  00  00  00  00
105:046  0:000  250  |  00  00  00  00  00  E2
105:046  0:000  NVidia GFX injection not set
105:046  0:000  Intel UHD Graphics 630 [8086:3E9B] :: PciRoot(0x0)\Pci(0x2,0x0)
105:046  0:000    Intel: no default properties
105:046  0:000  Intel GFX revision  = 0x0
105:047  0:000   RCBA disabled; cannot use it
105:047  0:000  stringlength = 292
105:047  0:000  OCABC: AllocPages 1 0x5BBA0000 (1) - Success
105:047  0:000  CurrentMode: Width=3840 Height=2160
105:047  0:000  SetNvramVariable (system-id, 4D1EDE05-38C7-4A6A-9CC6-4BCCA8B38C14, 0x2, 16): -> writing new (Success)
105:047  0:000  SetNvramVariable (MLB, 4D1EDE05-38C7-4A6A-9CC6-4BCCA8B38C14, 0x6, 17): -> writing new (Success)
105:047  0:000  SetNvramVariable (ROM, 4D1EDE05-38C7-4A6A-9CC6-4BCCA8B38C14, 0x6, 6): -> writing new (Success)
105:047  0:000  SetNvramVariable (FirmwareFeatures, 4D1EDE05-38C7-4A6A-9CC6-4BCCA8B38C14, 0x6, 4): -> writing new (Success)
105:047  0:000  SetNvramVariable (FirmwareFeaturesMask, 4D1EDE05-38C7-4A6A-9CC6-4BCCA8B38C14, 0x6, 4): -> writing new (Success)
105:047  0:000  SetNvramVariable (ExtendedFirmwareFeatures, 4D1EDE05-38C7-4A6A-9CC6-4BCCA8B38C14, 0x6, 8): -> writing new (Success)
105:047  0:000  SetNvramVariable (ExtendedFirmwareFeaturesMask, 4D1EDE05-38C7-4A6A-9CC6-4BCCA8B38C14, 0x6, 8): -> writing new (Success)
105:048  0:000  AddNvramVariable (HW_BID, 4D1EDE05-38C7-4A6A-9CC6-4BCCA8B38C14, 0x6, 20): -> writing new (Success)
105:048  0:000  AddNvramVariable (security-mode, 7C436110-AB2A-4BBB-A880-FE41995C9F82, 0x7, 5): -> already exists, abort
105:048  0:000  AddNvramVariable (backlight-level, 7C436110-AB2A-4BBB-A880-FE41995C9F82, 0x7, 2): -> already exists, abort
105:048  0:000  set DefaultBackgroundColor=0xbfbfbf
105:048  0:000  SetNvramVariable (DefaultBackgroundColor, 4D1EDE05-38C7-4A6A-9CC6-4BCCA8B38C14, 0x7, 4): -> writing new (Success)
105:054  0:005  SetNvramVariable (ActualDensity, 7C436110-AB2A-4BBB-A880-FE41995C9F82, 0x7, 2): -> writing new (Success)
105:059  0:005  SetNvramVariable (DensityThreshold, 7C436110-AB2A-4BBB-A880-FE41995C9F82, 0x7, 2): -> writing new (Success)
105:065  0:005  SetNvramVariable (gfx-saved-config-restore-status, 4D1EDE05-38C7-4A6A-9CC6-4BCCA8B38C14, 0x7, 8): -> writing new (Success)
105:070  0:005  SetNvramVariable (UIScale, 4D1EDE05-38C7-4A6A-9CC6-4BCCA8B38C14, 0x7, 1): exists(0x7, 1), not equal -> writing new (Success)
105:076  0:005  SetNvramVariable (EFILoginHiDPI, 7C436110-AB2A-4BBB-A880-FE41995C9F82, 0x7, 4): -> writing new (Success)
105:082  0:005  SetNvramVariable (flagstate, 7C436110-AB2A-4BBB-A880-FE41995C9F82, 0x7, 32): exists(0x7, 32), equal -> not writing again.
105:082  0:000  SetNvramVariable (csr-active-config, 7C436110-AB2A-4BBB-A880-FE41995C9F82, 0x7, 4): exists(0x7, 4), not equal -> writing new (Success)
105:088  0:006  SetNvramVariable (BridgeOSHardwareModel, 4D1EDE05-38C7-4A6A-9CC6-4BCCA8B38C14, 0x7, 6): exists(0x7, 6), equal -> not writing again.
105:089  0:000  DeleteNvramVariable (bootercfg, 7C436110-AB2A-4BBB-A880-FE41995C9F82):
105:089  0:000  DeleteNvramVariable (nvda_drv, 7C436110-AB2A-4BBB-A880-FE41995C9F82):
105:089  0:000  DeleteNvramVariable (recovery-boot-mode, 7C436110-AB2A-4BBB-A880-FE41995C9F82):
105:089  0:000  AddNvramVariable (wake-failure, 7C436110-AB2A-4BBB-A880-FE41995C9F82, 0x7, 5): -> already exists, abort
105:090  0:000  DeleteNvramVariable (opencore-version, 7C436110-AB2A-4BBB-A880-FE41995C9F82):
105:090  0:000  Use origin smbios table type 1 guid.
105:091  0:001  SetStartupDiskVolume:
105:091  0:000    * Volume: 'mac'
105:091  0:000    * LoaderPath: ''
105:091  0:000    * DevPath: mac
105:091  0:000    * EFI_GUID = 8FF8AD79-B7B6-48AA-A11C-82FDE474A928
105:091  0:000  SetNvramVariable (efi-boot-device-data, 7C436110-AB2A-4BBB-A880-FE41995C9F82, 0x7, 122): exists(0x7, 156), not equal -> writing new (Success)
105:098  0:006    * efi-boot-device: <array><dict><key>IOMatch</key><dict><key>IOProviderClass</key><string>IOMedia</string><key>IOPropertyMatch</key><dict><key>UUID</key><string>8FF8AD79-B7B6-48AA-A11C-82FDE474A928</string></dict></dict></dict></array>
105:098  0:000  SetNvramVariable (efi-boot-device, 7C436110-AB2A-4BBB-A880-FE41995C9F82, 0x7, 216): exists(0x7, 216), not equal -> writing new (Success)
105:105  0:007  Custom boot screen not used because entry has unset use graphics
105:106  0:000  DeleteNvramVariable (IOHibernateRTCVariables, 7C436110-AB2A-4BBB-A880-FE41995C9F82):
105:106  0:000  DeleteNvramVariable (boot-image, 7C436110-AB2A-4BBB-A880-FE41995C9F82):
105:106  0:000  Kernel quirks
105:106  0:000  ACPCL 1 AXCL 1 AXEM 0 AXFB 0 CSG 0 DIM 1 DLJ 1 DRC 0 DPM 0 EBTFF 0 EDI 0 IPBS 0 LKP 0 PNKD 1 PTKP 0 TPD 0 XPL 0 PCC 0
105:106  0:000  Closing log
105:106  0:000  OCABC: AllocPages 2 0x58EE0000 (512) - Success
105:107  0:000  OCABC: AllocPages 2 0x58EDF000 (1) - Success
105:107  0:000  OC: Supported boot capabilities 4
105:165  0:058  OCABC: AllocPages 1 0x43CF2000 (1) - Success
105:187  0:021  OC: Opening file System\Library\Kernels\kernel with 1 mode gave - Success
105:192  0:005  OC: Opening file \System\Library\CoreServices\com.apple.Boot.plist with 1 mode gave - Not Found
105:201  0:008  OC: Opening file Library\Preferences\SystemConfiguration\com.apple.Boot.plist with 1 mode gave - Not Found
105:214  0:013  OC: Opening file \System\Library\CoreServices\PlatformSupport.plist with 1 mode gave - Success
110:232  5:018  OCABC: AllocPages 2 0x1CB00000 (119367) - Not Found
125:256  15:024  OCB: InternalEfiExit 4912A298 - Aborted / Unsupported
125:256  0:000  StartImage failed : Aborted
